{"numTotalTestSuites":188,"numPassedTestSuites":141,"numFailedTestSuites":47,"numPendingTestSuites":0,"numTotalTests":361,"numPassedTests":281,"numFailedTests":80,"numPendingTests":0,"numTodoTests":0,"snapshot":{"added":0,"failure":false,"filesAdded":0,"filesRemoved":0,"filesRemovedList":[],"filesUnmatched":0,"filesUpdated":0,"matched":0,"total":0,"unchecked":0,"uncheckedKeysByFile":[],"unmatched":0,"updated":0,"didUpdate":false},"startTime":1764818384298,"success":false,"testResults":[{"assertionResults":[{"ancestorTitles":["MathCalc Logic","generateQuestion"],"fullName":"MathCalc Logic generateQuestion should generate a valid addition question","status":"passed","title":"should generate a valid addition question","duration":4.397499999999127,"failureMessages":[],"meta":{}},{"ancestorTitles":["MathCalc Logic","generateQuestion"],"fullName":"MathCalc Logic generateQuestion should generate a valid subtraction question with positive result","status":"passed","title":"should generate a valid subtraction question with positive result","duration":1.8309000000008382,"failureMessages":[],"meta":{}},{"ancestorTitles":["MathCalc Logic","generateQuestion"],"fullName":"MathCalc Logic generateQuestion should generate a valid multiplication question","status":"passed","title":"should generate a valid multiplication question","duration":0.6658999999999651,"failureMessages":[],"meta":{}},{"ancestorTitles":["MathCalc Logic","generateQuestion"],"fullName":"MathCalc Logic generateQuestion should generate a valid division question with integer result","status":"passed","title":"should generate a valid division question with integer result","duration":0.9023999999990338,"failureMessages":[],"meta":{}},{"ancestorTitles":["MathCalc Logic","generateAllQuestions"],"fullName":"MathCalc Logic generateAllQuestions should generate correct number of questions","status":"passed","title":"should generate correct number of questions","duration":0.8594000000011874,"failureMessages":[],"meta":{}},{"ancestorTitles":["MathCalc Logic","generateOptions"],"fullName":"MathCalc Logic generateOptions should generate 4 unique options including correct answer","status":"passed","title":"should generate 4 unique options including correct answer","duration":6.808699999997771,"failureMessages":[],"meta":{}},{"ancestorTitles":["MathCalc Logic","generateOptions"],"fullName":"MathCalc Logic generateOptions should generate positive options","status":"passed","title":"should generate positive options","duration":0.5325999999986379,"failureMessages":[],"meta":{}},{"ancestorTitles":["MathCalc Logic","validateAnswer"],"fullName":"MathCalc Logic validateAnswer should return true for correct answer","status":"passed","title":"should return true for correct answer","duration":0.3096999999979744,"failureMessages":[],"meta":{}},{"ancestorTitles":["MathCalc Logic","validateAnswer"],"fullName":"MathCalc Logic validateAnswer should return false for incorrect answer","status":"passed","title":"should return false for incorrect answer","duration":0.4621000000006461,"failureMessages":[],"meta":{}},{"ancestorTitles":["MathCalc Logic","calculateQuestionScore"],"fullName":"MathCalc Logic calculateQuestionScore should return 0 for incorrect answer","status":"passed","title":"should return 0 for incorrect answer","duration":0.7575999999971827,"failureMessages":[],"meta":{}},{"ancestorTitles":["MathCalc Logic","calculateQuestionScore"],"fullName":"MathCalc Logic calculateQuestionScore should return base points for slow correct answer","status":"passed","title":"should return base points for slow correct answer","duration":0.5077999999994063,"failureMessages":[],"meta":{}},{"ancestorTitles":["MathCalc Logic","calculateQuestionScore"],"fullName":"MathCalc Logic calculateQuestionScore should add time bonus for fast answer","status":"passed","title":"should add time bonus for fast answer","duration":0.27260000000023865,"failureMessages":[],"meta":{}},{"ancestorTitles":["MathCalc Logic","calculateQuestionScore"],"fullName":"MathCalc Logic calculateQuestionScore should add combo bonus","status":"passed","title":"should add combo bonus","duration":0.2315999999991618,"failureMessages":[],"meta":{}},{"ancestorTitles":["MathCalc Logic","calculateGrade"],"fullName":"MathCalc Logic calculateGrade should return S for excellent performance","status":"passed","title":"should return S for excellent performance","duration":0.36199999999735155,"failureMessages":[],"meta":{}},{"ancestorTitles":["MathCalc Logic","calculateGrade"],"fullName":"MathCalc Logic calculateGrade should return A for great performance","status":"passed","title":"should return A for great performance","duration":0.21110000000044238,"failureMessages":[],"meta":{}},{"ancestorTitles":["MathCalc Logic","calculateGrade"],"fullName":"MathCalc Logic calculateGrade should return B for good performance","status":"passed","title":"should return B for good performance","duration":0.19389999999839347,"failureMessages":[],"meta":{}},{"ancestorTitles":["MathCalc Logic","calculateGrade"],"fullName":"MathCalc Logic calculateGrade should return C for average performance","status":"passed","title":"should return C for average performance","duration":0.23630000000048312,"failureMessages":[],"meta":{}},{"ancestorTitles":["MathCalc Logic","calculateGrade"],"fullName":"MathCalc Logic calculateGrade should return D for below average performance","status":"passed","title":"should return D for below average performance","duration":0.20780000000013388,"failureMessages":[],"meta":{}},{"ancestorTitles":["MathCalc Logic","calculateGrade"],"fullName":"MathCalc Logic calculateGrade should return F for poor performance","status":"passed","title":"should return F for poor performance","duration":0.27119999999922584,"failureMessages":[],"meta":{}},{"ancestorTitles":["MathCalc Logic","calculateMaxScore"],"fullName":"MathCalc Logic calculateMaxScore should calculate max score correctly","status":"passed","title":"should calculate max score correctly","duration":0.35539999999673455,"failureMessages":[],"meta":{}},{"ancestorTitles":["MathCalc Logic","summarizeResult"],"fullName":"MathCalc Logic summarizeResult should summarize game result correctly","status":"passed","title":"should summarize game result correctly","duration":0.7330000000001746,"failureMessages":[],"meta":{}}],"startTime":1764818413034,"endTime":1764818413057.733,"status":"passed","message":"","name":"E:/MCP/憭望/brain-training/src/games/logic/__tests__/mathCalc.test.ts"},{"assertionResults":[{"ancestorTitles":["CardMatch Logic","generateCards"],"fullName":"CardMatch Logic generateCards should generate correct number of cards","status":"passed","title":"should generate correct number of cards","duration":2.369699999999284,"failureMessages":[],"meta":{}},{"ancestorTitles":["CardMatch Logic","generateCards"],"fullName":"CardMatch Logic generateCards should generate pairs of matching cards","status":"passed","title":"should generate pairs of matching cards","duration":0.6068999999988591,"failureMessages":[],"meta":{}},{"ancestorTitles":["CardMatch Logic","generateCards"],"fullName":"CardMatch Logic generateCards should initialize cards with correct default state","status":"passed","title":"should initialize cards with correct default state","duration":2.57839999999851,"failureMessages":[],"meta":{}},{"ancestorTitles":["CardMatch Logic","generateCards"],"fullName":"CardMatch Logic generateCards should assign unique IDs to each card","status":"passed","title":"should assign unique IDs to each card","duration":0.3099000000001979,"failureMessages":[],"meta":{}},{"ancestorTitles":["CardMatch Logic","generateCards"],"fullName":"CardMatch Logic generateCards should shuffle cards (not always in same order)","status":"passed","title":"should shuffle cards (not always in same order)","duration":0.48320000000239816,"failureMessages":[],"meta":{}},{"ancestorTitles":["CardMatch Logic","checkMatch"],"fullName":"CardMatch Logic checkMatch should return true for matching cards","status":"passed","title":"should return true for matching cards","duration":0.23890000000028522,"failureMessages":[],"meta":{}},{"ancestorTitles":["CardMatch Logic","checkMatch"],"fullName":"CardMatch Logic checkMatch should return false for non-matching cards","status":"passed","title":"should return false for non-matching cards","duration":0.16110000000116997,"failureMessages":[],"meta":{}},{"ancestorTitles":["CardMatch Logic","checkMatch"],"fullName":"CardMatch Logic checkMatch should return false for same card","status":"passed","title":"should return false for same card","duration":0.15069999999832362,"failureMessages":[],"meta":{}},{"ancestorTitles":["CardMatch Logic","flipCard"],"fullName":"CardMatch Logic flipCard should flip the specified card","status":"passed","title":"should flip the specified card","duration":0.38629999999830034,"failureMessages":[],"meta":{}},{"ancestorTitles":["CardMatch Logic","flipCard"],"fullName":"CardMatch Logic flipCard should not mutate original array","status":"passed","title":"should not mutate original array","duration":0.1993000000002212,"failureMessages":[],"meta":{}},{"ancestorTitles":["CardMatch Logic","unflipCards"],"fullName":"CardMatch Logic unflipCards should unflip specified cards","status":"passed","title":"should unflip specified cards","duration":0.25209999999788124,"failureMessages":[],"meta":{}},{"ancestorTitles":["CardMatch Logic","markMatched"],"fullName":"CardMatch Logic markMatched should mark specified cards as matched","status":"passed","title":"should mark specified cards as matched","duration":0.2183999999979278,"failureMessages":[],"meta":{}},{"ancestorTitles":["CardMatch Logic","showAllCards"],"fullName":"CardMatch Logic showAllCards should flip all cards","status":"passed","title":"should flip all cards","duration":0.19579999999768916,"failureMessages":[],"meta":{}},{"ancestorTitles":["CardMatch Logic","hideUnmatchedCards"],"fullName":"CardMatch Logic hideUnmatchedCards should hide only unmatched cards","status":"passed","title":"should hide only unmatched cards","duration":0.20360000000073342,"failureMessages":[],"meta":{}},{"ancestorTitles":["CardMatch Logic","calculateScore"],"fullName":"CardMatch Logic calculateScore should give full score for perfect game","status":"passed","title":"should give full score for perfect game","duration":0.19440000000031432,"failureMessages":[],"meta":{}},{"ancestorTitles":["CardMatch Logic","calculateScore"],"fullName":"CardMatch Logic calculateScore should reduce score for extra moves","status":"passed","title":"should reduce score for extra moves","duration":0.15200000000186265,"failureMessages":[],"meta":{}},{"ancestorTitles":["CardMatch Logic","calculateScore"],"fullName":"CardMatch Logic calculateScore should reduce score for slower time","status":"passed","title":"should reduce score for slower time","duration":0.12969999999768334,"failureMessages":[],"meta":{}},{"ancestorTitles":["CardMatch Logic","calculateScore"],"fullName":"CardMatch Logic calculateScore should handle partial completion","status":"passed","title":"should handle partial completion","duration":0.17529999999896972,"failureMessages":[],"meta":{}},{"ancestorTitles":["CardMatch Logic","calculateGrade"],"fullName":"CardMatch Logic calculateGrade should return S for excellent performance","status":"passed","title":"should return S for excellent performance","duration":0.16319999999905122,"failureMessages":[],"meta":{}},{"ancestorTitles":["CardMatch Logic","calculateGrade"],"fullName":"CardMatch Logic calculateGrade should return lower grades for worse performance","status":"passed","title":"should return lower grades for worse performance","duration":0.24279999999998836,"failureMessages":[],"meta":{}},{"ancestorTitles":["CardMatch Logic","summarizeResult"],"fullName":"CardMatch Logic summarizeResult should summarize game result correctly","status":"passed","title":"should summarize game result correctly","duration":1.134699999998702,"failureMessages":[],"meta":{}},{"ancestorTitles":["CardMatch Logic","summarizeResult"],"fullName":"CardMatch Logic summarizeResult should mark incomplete game","status":"passed","title":"should mark incomplete game","duration":0.3624000000017986,"failureMessages":[],"meta":{}},{"ancestorTitles":["CardMatch Logic","getGridClass"],"fullName":"CardMatch Logic getGridClass should return correct grid class","status":"passed","title":"should return correct grid class","duration":0.33480000000054133,"failureMessages":[],"meta":{}},{"ancestorTitles":["CardMatch Logic","CARD_MATCH_CONFIGS"],"fullName":"CardMatch Logic CARD_MATCH_CONFIGS should have valid difficulty configs","status":"passed","title":"should have valid difficulty configs","duration":0.20989999999801512,"failureMessages":[],"meta":{}}],"startTime":1764818412562,"endTime":1764818412574.3623,"status":"passed","message":"","name":"E:/MCP/憭望/brain-training/src/games/logic/__tests__/cardMatch.test.ts"},{"assertionResults":[{"ancestorTitles":["StroopTest Logic","generateQuestion"],"fullName":"StroopTest Logic generateQuestion should generate valid question with required fields","status":"passed","title":"should generate valid question with required fields","duration":3.2195000000028813,"failureMessages":[],"meta":{}},{"ancestorTitles":["StroopTest Logic","generateQuestion"],"fullName":"StroopTest Logic generateQuestion should respect ink mode setting","status":"passed","title":"should respect ink mode setting","duration":0.8109000000004016,"failureMessages":[],"meta":{}},{"ancestorTitles":["StroopTest Logic","generateQuestion"],"fullName":"StroopTest Logic generateQuestion should respect meaning mode setting","status":"passed","title":"should respect meaning mode setting","duration":0.6167999999997846,"failureMessages":[],"meta":{}},{"ancestorTitles":["StroopTest Logic","generateQuestion"],"fullName":"StroopTest Logic generateQuestion should mix question types in mixed mode","status":"passed","title":"should mix question types in mixed mode","duration":0.22739999999976135,"failureMessages":[],"meta":{}},{"ancestorTitles":["StroopTest Logic","generateQuestion"],"fullName":"StroopTest Logic generateQuestion should generate congruent questions based on config","status":"passed","title":"should generate congruent questions based on config","duration":0.5436000000008789,"failureMessages":[],"meta":{}},{"ancestorTitles":["StroopTest Logic","generateQuestion"],"fullName":"StroopTest Logic generateQuestion should generate incongruent questions when chance is 0","status":"passed","title":"should generate incongruent questions when chance is 0","duration":2.102199999997538,"failureMessages":[],"meta":{}},{"ancestorTitles":["StroopTest Logic","generateAllQuestions"],"fullName":"StroopTest Logic generateAllQuestions should generate correct number of questions","status":"passed","title":"should generate correct number of questions","duration":0.6525000000001455,"failureMessages":[],"meta":{}},{"ancestorTitles":["StroopTest Logic","generateAllQuestions"],"fullName":"StroopTest Logic generateAllQuestions should assign sequential IDs","status":"passed","title":"should assign sequential IDs","duration":0.48329999999987194,"failureMessages":[],"meta":{}},{"ancestorTitles":["StroopTest Logic","generateOptions"],"fullName":"StroopTest Logic generateOptions should return all 4 color options","status":"passed","title":"should return all 4 color options","duration":0.4176000000006752,"failureMessages":[],"meta":{}},{"ancestorTitles":["StroopTest Logic","generateOptions"],"fullName":"StroopTest Logic generateOptions should contain all colors","status":"passed","title":"should contain all colors","duration":0.4831999999987602,"failureMessages":[],"meta":{}},{"ancestorTitles":["StroopTest Logic","generateOptions"],"fullName":"StroopTest Logic generateOptions should shuffle options (randomized order)","status":"passed","title":"should shuffle options (randomized order)","duration":0.31229999999777647,"failureMessages":[],"meta":{}},{"ancestorTitles":["StroopTest Logic","validateAnswer"],"fullName":"StroopTest Logic validateAnswer should return true for correct ink answer","status":"passed","title":"should return true for correct ink answer","duration":0.16969999999855645,"failureMessages":[],"meta":{}},{"ancestorTitles":["StroopTest Logic","validateAnswer"],"fullName":"StroopTest Logic validateAnswer should return true for correct meaning answer","status":"passed","title":"should return true for correct meaning answer","duration":0.14729999999690335,"failureMessages":[],"meta":{}},{"ancestorTitles":["StroopTest Logic","validateAnswer"],"fullName":"StroopTest Logic validateAnswer should return false for incorrect answer","status":"passed","title":"should return false for incorrect answer","duration":0.6775000000016007,"failureMessages":[],"meta":{}},{"ancestorTitles":["StroopTest Logic","getCorrectAnswerLabel"],"fullName":"StroopTest Logic getCorrectAnswerLabel should return Chinese label for correct answer","status":"passed","title":"should return Chinese label for correct answer","duration":0.19870000000082655,"failureMessages":[],"meta":{}},{"ancestorTitles":["StroopTest Logic","getModeDescription"],"fullName":"StroopTest Logic getModeDescription should return appropriate descriptions","status":"passed","title":"should return appropriate descriptions","duration":0.2268000000003667,"failureMessages":[],"meta":{}},{"ancestorTitles":["StroopTest Logic","getDifficultyExplanation"],"fullName":"StroopTest Logic getDifficultyExplanation should return difficulty explanations","status":"passed","title":"should return difficulty explanations","duration":0.2511000000013155,"failureMessages":[],"meta":{}},{"ancestorTitles":["StroopTest Logic","getQuestionPrompt"],"fullName":"StroopTest Logic getQuestionPrompt should return ink prompt","status":"passed","title":"should return ink prompt","duration":0.23579999999856227,"failureMessages":[],"meta":{}},{"ancestorTitles":["StroopTest Logic","getQuestionPrompt"],"fullName":"StroopTest Logic getQuestionPrompt should return meaning prompt","status":"passed","title":"should return meaning prompt","duration":0.2646000000022468,"failureMessages":[],"meta":{}},{"ancestorTitles":["StroopTest Logic","calculateScore"],"fullName":"StroopTest Logic calculateScore should give full score for perfect accuracy and speed","status":"passed","title":"should give full score for perfect accuracy and speed","duration":0.3382000000019616,"failureMessages":[],"meta":{}},{"ancestorTitles":["StroopTest Logic","calculateScore"],"fullName":"StroopTest Logic calculateScore should reduce score for lower accuracy","status":"passed","title":"should reduce score for lower accuracy","duration":0.22360000000116997,"failureMessages":[],"meta":{}},{"ancestorTitles":["StroopTest Logic","calculateScore"],"fullName":"StroopTest Logic calculateScore should add speed bonus for fast responses","status":"passed","title":"should add speed bonus for fast responses","duration":0.19050000000061118,"failureMessages":[],"meta":{}},{"ancestorTitles":["StroopTest Logic","calculateScore"],"fullName":"StroopTest Logic calculateScore should cap score at 100","status":"passed","title":"should cap score at 100","duration":0.3084999999991851,"failureMessages":[],"meta":{}},{"ancestorTitles":["StroopTest Logic","calculateGrade"],"fullName":"StroopTest Logic calculateGrade should return S for excellent performance","status":"passed","title":"should return S for excellent performance","duration":0.2911999999996624,"failureMessages":[],"meta":{}},{"ancestorTitles":["StroopTest Logic","calculateGrade"],"fullName":"StroopTest Logic calculateGrade should return lower grades for worse performance","status":"passed","title":"should return lower grades for worse performance","duration":0.698499999998603,"failureMessages":[],"meta":{}},{"ancestorTitles":["StroopTest Logic","calculateGrade"],"fullName":"StroopTest Logic calculateGrade should return F for poor performance","status":"passed","title":"should return F for poor performance","duration":0.27369999999791617,"failureMessages":[],"meta":{}},{"ancestorTitles":["StroopTest Logic","summarizeResult"],"fullName":"StroopTest Logic summarizeResult should summarize game result correctly","status":"passed","title":"should summarize game result correctly","duration":0.5434999999997672,"failureMessages":[],"meta":{}},{"ancestorTitles":["StroopTest Logic","summarizeResult"],"fullName":"StroopTest Logic summarizeResult should handle empty reaction times","status":"passed","title":"should handle empty reaction times","duration":0.17820000000210712,"failureMessages":[],"meta":{}},{"ancestorTitles":["StroopTest Logic","STROOP_CONFIGS"],"fullName":"StroopTest Logic STROOP_CONFIGS should have increasing difficulty","status":"passed","title":"should have increasing difficulty","duration":0.23719999999957508,"failureMessages":[],"meta":{}},{"ancestorTitles":["StroopTest Logic","STROOP_CONFIGS"],"fullName":"StroopTest Logic STROOP_CONFIGS should have correct modes","status":"passed","title":"should have correct modes","duration":0.16950000000360887,"failureMessages":[],"meta":{}},{"ancestorTitles":["StroopTest Logic","COLORS"],"fullName":"StroopTest Logic COLORS should have 4 colors","status":"passed","title":"should have 4 colors","duration":0.23919999999998254,"failureMessages":[],"meta":{}},{"ancestorTitles":["StroopTest Logic","COLORS"],"fullName":"StroopTest Logic COLORS should have required properties","status":"passed","title":"should have required properties","duration":0.3275999999968917,"failureMessages":[],"meta":{}},{"ancestorTitles":["StroopTest Logic","COLORS"],"fullName":"StroopTest Logic COLORS should have unique names","status":"passed","title":"should have unique names","duration":0.1489000000001397,"failureMessages":[],"meta":{}}],"startTime":1764818412018,"endTime":1764818412036.3276,"status":"passed","message":"","name":"E:/MCP/憭望/brain-training/src/games/logic/__tests__/stroopTest.test.ts"},{"assertionResults":[{"ancestorTitles":["?曌??脤?頛?,"initHoles"],"fullName":"?曌??脤?頛?initHoles ???摰??瘣?,"status":"failed","title":"???摰??瘣?,"duration":17.743600000001607,"failureMessages":["TypeError: __vite_ssr_import_1__.initHoles is not a function\n    at E:\\MCP\\憭望\\brain-training\\src\\games\\logic\\__tests__\\whackAMole.test.ts:18:21\n    at file:///E:/MCP/%E5%A4%B1%E6%99%BA/brain-training/node_modules/@vitest/runner/dist/index.js:146:14\n    at file:///E:/MCP/%E5%A4%B1%E6%99%BA/brain-training/node_modules/@vitest/runner/dist/index.js:533:11\n    at runWithTimeout (file:///E:/MCP/%E5%A4%B1%E6%99%BA/brain-training/node_modules/@vitest/runner/dist/index.js:39:7)\n    at runTest (file:///E:/MCP/%E5%A4%B1%E6%99%BA/brain-training/node_modules/@vitest/runner/dist/index.js:1056:17)\n    at processTicksAndRejections (node:internal/process/task_queues:105:5)\n    at runSuite (file:///E:/MCP/%E5%A4%B1%E6%99%BA/brain-training/node_modules/@vitest/runner/dist/index.js:1205:15)\n    at runSuite (file:///E:/MCP/%E5%A4%B1%E6%99%BA/brain-training/node_modules/@vitest/runner/dist/index.js:1205:15)\n    at runSuite (file:///E:/MCP/%E5%A4%B1%E6%99%BA/brain-training/node_modules/@vitest/runner/dist/index.js:1205:15)\n    at runFiles (file:///E:/MCP/%E5%A4%B1%E6%99%BA/brain-training/node_modules/@vitest/runner/dist/index.js:1262:5)"],"meta":{}},{"ancestorTitles":["?曌??脤?頛?,"initHoles"],"fullName":"?曌??脤?頛?initHoles ??????府瘝??圈?","status":"failed","title":"??????府瘝??圈?","duration":1.018000000000029,"failureMessages":["TypeError: __vite_ssr_import_1__.initHoles is not a function\n    at E:\\MCP\\憭望\\brain-training\\src\\games\\logic\\__tests__\\whackAMole.test.ts:23:21\n    at file:///E:/MCP/%E5%A4%B1%E6%99%BA/brain-training/node_modules/@vitest/runner/dist/index.js:146:14\n    at file:///E:/MCP/%E5%A4%B1%E6%99%BA/brain-training/node_modules/@vitest/runner/dist/index.js:533:11\n    at runWithTimeout (file:///E:/MCP/%E5%A4%B1%E6%99%BA/brain-training/node_modules/@vitest/runner/dist/index.js:39:7)\n    at runTest (file:///E:/MCP/%E5%A4%B1%E6%99%BA/brain-training/node_modules/@vitest/runner/dist/index.js:1056:17)\n    at processTicksAndRejections (node:internal/process/task_queues:105:5)\n    at runSuite (file:///E:/MCP/%E5%A4%B1%E6%99%BA/brain-training/node_modules/@vitest/runner/dist/index.js:1205:15)\n    at runSuite (file:///E:/MCP/%E5%A4%B1%E6%99%BA/brain-training/node_modules/@vitest/runner/dist/index.js:1205:15)\n    at runSuite (file:///E:/MCP/%E5%A4%B1%E6%99%BA/brain-training/node_modules/@vitest/runner/dist/index.js:1205:15)\n    at runFiles (file:///E:/MCP/%E5%A4%B1%E6%99%BA/brain-training/node_modules/@vitest/runner/dist/index.js:1262:5)"],"meta":{}},{"ancestorTitles":["?曌??脤?頛?,"initHoles"],"fullName":"?曌??脤?頛?initHoles 瘥????臭? ID","status":"failed","title":"瘥????臭? ID","duration":0.9042999999983294,"failureMessages":["TypeError: __vite_ssr_import_1__.initHoles is not a function\n    at E:\\MCP\\憭望\\brain-training\\src\\games\\logic\\__tests__\\whackAMole.test.ts:31:21\n    at file:///E:/MCP/%E5%A4%B1%E6%99%BA/brain-training/node_modules/@vitest/runner/dist/index.js:146:14\n    at file:///E:/MCP/%E5%A4%B1%E6%99%BA/brain-training/node_modules/@vitest/runner/dist/index.js:533:11\n    at runWithTimeout (file:///E:/MCP/%E5%A4%B1%E6%99%BA/brain-training/node_modules/@vitest/runner/dist/index.js:39:7)\n    at runTest (file:///E:/MCP/%E5%A4%B1%E6%99%BA/brain-training/node_modules/@vitest/runner/dist/index.js:1056:17)\n    at processTicksAndRejections (node:internal/process/task_queues:105:5)\n    at runSuite (file:///E:/MCP/%E5%A4%B1%E6%99%BA/brain-training/node_modules/@vitest/runner/dist/index.js:1205:15)\n    at runSuite (file:///E:/MCP/%E5%A4%B1%E6%99%BA/brain-training/node_modules/@vitest/runner/dist/index.js:1205:15)\n    at runSuite (file:///E:/MCP/%E5%A4%B1%E6%99%BA/brain-training/node_modules/@vitest/runner/dist/index.js:1205:15)\n    at runFiles (file:///E:/MCP/%E5%A4%B1%E6%99%BA/brain-training/node_modules/@vitest/runner/dist/index.js:1262:5)"],"meta":{}},{"ancestorTitles":["?曌??脤?頛?,"spawnMole"],"fullName":"?曌??脤?頛?spawnMole ???雿蔭???圈?","status":"failed","title":"???雿蔭???圈?","duration":1.433099999998376,"failureMessages":["TypeError: __vite_ssr_import_1__.initHoles is not a function\n    at E:\\MCP\\憭望\\brain-training\\src\\games\\logic\\__tests__\\whackAMole.test.ts:40:21\n    at file:///E:/MCP/%E5%A4%B1%E6%99%BA/brain-training/node_modules/@vitest/runner/dist/index.js:146:14\n    at file:///E:/MCP/%E5%A4%B1%E6%99%BA/brain-training/node_modules/@vitest/runner/dist/index.js:533:11\n    at runWithTimeout (file:///E:/MCP/%E5%A4%B1%E6%99%BA/brain-training/node_modules/@vitest/runner/dist/index.js:39:7)\n    at runTest (file:///E:/MCP/%E5%A4%B1%E6%99%BA/brain-training/node_modules/@vitest/runner/dist/index.js:1056:17)\n    at processTicksAndRejections (node:internal/process/task_queues:105:5)\n    at runSuite (file:///E:/MCP/%E5%A4%B1%E6%99%BA/brain-training/node_modules/@vitest/runner/dist/index.js:1205:15)\n    at runSuite (file:///E:/MCP/%E5%A4%B1%E6%99%BA/brain-training/node_modules/@vitest/runner/dist/index.js:1205:15)\n    at runSuite (file:///E:/MCP/%E5%A4%B1%E6%99%BA/brain-training/node_modules/@vitest/runner/dist/index.js:1205:15)\n    at runFiles (file:///E:/MCP/%E5%A4%B1%E6%99%BA/brain-training/node_modules/@vitest/runner/dist/index.js:1262:5)"],"meta":{}},{"ancestorTitles":["?曌??脤?頛?,"spawnMole"],"fullName":"?曌??脤?頛?spawnMole ?嗡?瘣???敶梢","status":"failed","title":"?嗡?瘣???敶梢","duration":1.7615000000005239,"failureMessages":["TypeError: __vite_ssr_import_1__.initHoles is not a function\n    at E:\\MCP\\憭望\\brain-training\\src\\games\\logic\\__tests__\\whackAMole.test.ts:46:21\n    at file:///E:/MCP/%E5%A4%B1%E6%99%BA/brain-training/node_modules/@vitest/runner/dist/index.js:146:14\n    at file:///E:/MCP/%E5%A4%B1%E6%99%BA/brain-training/node_modules/@vitest/runner/dist/index.js:533:11\n    at runWithTimeout (file:///E:/MCP/%E5%A4%B1%E6%99%BA/brain-training/node_modules/@vitest/runner/dist/index.js:39:7)\n    at runTest (file:///E:/MCP/%E5%A4%B1%E6%99%BA/brain-training/node_modules/@vitest/runner/dist/index.js:1056:17)\n    at processTicksAndRejections (node:internal/process/task_queues:105:5)\n    at runSuite (file:///E:/MCP/%E5%A4%B1%E6%99%BA/brain-training/node_modules/@vitest/runner/dist/index.js:1205:15)\n    at runSuite (file:///E:/MCP/%E5%A4%B1%E6%99%BA/brain-training/node_modules/@vitest/runner/dist/index.js:1205:15)\n    at runSuite (file:///E:/MCP/%E5%A4%B1%E6%99%BA/brain-training/node_modules/@vitest/runner/dist/index.js:1205:15)\n    at runFiles (file:///E:/MCP/%E5%A4%B1%E6%99%BA/brain-training/node_modules/@vitest/runner/dist/index.js:1262:5)"],"meta":{}},{"ancestorTitles":["?曌??脤?頛?,"handleHit"],"fullName":"?曌??脤?頛?handleHit ?葉?曌?瘣?餈???","status":"failed","title":"?葉?曌?瘣?餈???","duration":0.9039999999986321,"failureMessages":["TypeError: __vite_ssr_import_1__.initHoles is not a function\n    at E:\\MCP\\憭望\\brain-training\\src\\games\\logic\\__tests__\\whackAMole.test.ts:56:19\n    at file:///E:/MCP/%E5%A4%B1%E6%99%BA/brain-training/node_modules/@vitest/runner/dist/index.js:146:14\n    at file:///E:/MCP/%E5%A4%B1%E6%99%BA/brain-training/node_modules/@vitest/runner/dist/index.js:533:11\n    at runWithTimeout (file:///E:/MCP/%E5%A4%B1%E6%99%BA/brain-training/node_modules/@vitest/runner/dist/index.js:39:7)\n    at runTest (file:///E:/MCP/%E5%A4%B1%E6%99%BA/brain-training/node_modules/@vitest/runner/dist/index.js:1056:17)\n    at processTicksAndRejections (node:internal/process/task_queues:105:5)\n    at runSuite (file:///E:/MCP/%E5%A4%B1%E6%99%BA/brain-training/node_modules/@vitest/runner/dist/index.js:1205:15)\n    at runSuite (file:///E:/MCP/%E5%A4%B1%E6%99%BA/brain-training/node_modules/@vitest/runner/dist/index.js:1205:15)\n    at runSuite (file:///E:/MCP/%E5%A4%B1%E6%99%BA/brain-training/node_modules/@vitest/runner/dist/index.js:1205:15)\n    at runFiles (file:///E:/MCP/%E5%A4%B1%E6%99%BA/brain-training/node_modules/@vitest/runner/dist/index.js:1262:5)"],"meta":{}},{"ancestorTitles":["?曌??脤?頛?,"handleHit"],"fullName":"?曌??脤?頛?handleHit ?征瘣?餈?憭望?","status":"failed","title":"?征瘣?餈?憭望?","duration":0.7304000000003725,"failureMessages":["TypeError: __vite_ssr_import_1__.initHoles is not a function\n    at E:\\MCP\\憭望\\brain-training\\src\\games\\logic\\__tests__\\whackAMole.test.ts:64:21\n    at file:///E:/MCP/%E5%A4%B1%E6%99%BA/brain-training/node_modules/@vitest/runner/dist/index.js:146:14\n    at file:///E:/MCP/%E5%A4%B1%E6%99%BA/brain-training/node_modules/@vitest/runner/dist/index.js:533:11\n    at runWithTimeout (file:///E:/MCP/%E5%A4%B1%E6%99%BA/brain-training/node_modules/@vitest/runner/dist/index.js:39:7)\n    at runTest (file:///E:/MCP/%E5%A4%B1%E6%99%BA/brain-training/node_modules/@vitest/runner/dist/index.js:1056:17)\n    at processTicksAndRejections (node:internal/process/task_queues:105:5)\n    at runSuite (file:///E:/MCP/%E5%A4%B1%E6%99%BA/brain-training/node_modules/@vitest/runner/dist/index.js:1205:15)\n    at runSuite (file:///E:/MCP/%E5%A4%B1%E6%99%BA/brain-training/node_modules/@vitest/runner/dist/index.js:1205:15)\n    at runSuite (file:///E:/MCP/%E5%A4%B1%E6%99%BA/brain-training/node_modules/@vitest/runner/dist/index.js:1205:15)\n    at runFiles (file:///E:/MCP/%E5%A4%B1%E6%99%BA/brain-training/node_modules/@vitest/runner/dist/index.js:1262:5)"],"meta":{}},{"ancestorTitles":["?曌??脤?頛?,"handleHit"],"fullName":"?曌??脤?頛?handleHit ???????仃??,"status":"failed","title":"???????仃??,"duration":0.9591000000000349,"failureMessages":["TypeError: __vite_ssr_import_1__.initHoles is not a function\n    at E:\\MCP\\憭望\\brain-training\\src\\games\\logic\\__tests__\\whackAMole.test.ts:70:19\n    at file:///E:/MCP/%E5%A4%B1%E6%99%BA/brain-training/node_modules/@vitest/runner/dist/index.js:146:14\n    at file:///E:/MCP/%E5%A4%B1%E6%99%BA/brain-training/node_modules/@vitest/runner/dist/index.js:533:11\n    at runWithTimeout (file:///E:/MCP/%E5%A4%B1%E6%99%BA/brain-training/node_modules/@vitest/runner/dist/index.js:39:7)\n    at runTest (file:///E:/MCP/%E5%A4%B1%E6%99%BA/brain-training/node_modules/@vitest/runner/dist/index.js:1056:17)\n    at processTicksAndRejections (node:internal/process/task_queues:105:5)\n    at runSuite (file:///E:/MCP/%E5%A4%B1%E6%99%BA/brain-training/node_modules/@vitest/runner/dist/index.js:1205:15)\n    at runSuite (file:///E:/MCP/%E5%A4%B1%E6%99%BA/brain-training/node_modules/@vitest/runner/dist/index.js:1205:15)\n    at runSuite (file:///E:/MCP/%E5%A4%B1%E6%99%BA/brain-training/node_modules/@vitest/runner/dist/index.js:1205:15)\n    at runFiles (file:///E:/MCP/%E5%A4%B1%E6%99%BA/brain-training/node_modules/@vitest/runner/dist/index.js:1262:5)"],"meta":{}},{"ancestorTitles":["?曌??脤?頛?,"calculateScore"],"fullName":"?曌??脤?頛?calculateScore ??銝剔?閮??","status":"failed","title":"??銝剔?閮??","duration":0.9809999999997672,"failureMessages":["TypeError: __vite_ssr_import_1__.calculateScore is not a function\n    at E:\\MCP\\憭望\\brain-training\\src\\games\\logic\\__tests__\\whackAMole.test.ts:80:21\n    at file:///E:/MCP/%E5%A4%B1%E6%99%BA/brain-training/node_modules/@vitest/runner/dist/index.js:146:14\n    at file:///E:/MCP/%E5%A4%B1%E6%99%BA/brain-training/node_modules/@vitest/runner/dist/index.js:533:11\n    at runWithTimeout (file:///E:/MCP/%E5%A4%B1%E6%99%BA/brain-training/node_modules/@vitest/runner/dist/index.js:39:7)\n    at runTest (file:///E:/MCP/%E5%A4%B1%E6%99%BA/brain-training/node_modules/@vitest/runner/dist/index.js:1056:17)\n    at processTicksAndRejections (node:internal/process/task_queues:105:5)\n    at runSuite (file:///E:/MCP/%E5%A4%B1%E6%99%BA/brain-training/node_modules/@vitest/runner/dist/index.js:1205:15)\n    at runSuite (file:///E:/MCP/%E5%A4%B1%E6%99%BA/brain-training/node_modules/@vitest/runner/dist/index.js:1205:15)\n    at runSuite (file:///E:/MCP/%E5%A4%B1%E6%99%BA/brain-training/node_modules/@vitest/runner/dist/index.js:1205:15)\n    at runFiles (file:///E:/MCP/%E5%A4%B1%E6%99%BA/brain-training/node_modules/@vitest/runner/dist/index.js:1262:5)"],"meta":{}},{"ancestorTitles":["?曌??脤?頛?,"calculateScore"],"fullName":"?曌??脤?頛?calculateScore 摰??賭葉???圈???,"status":"failed","title":"摰??賭葉???圈???,"duration":2.2148999999990338,"failureMessages":["TypeError: __vite_ssr_import_1__.calculateScore is not a function\n    at E:\\MCP\\憭望\\brain-training\\src\\games\\logic\\__tests__\\whackAMole.test.ts:85:21\n    at file:///E:/MCP/%E5%A4%B1%E6%99%BA/brain-training/node_modules/@vitest/runner/dist/index.js:146:14\n    at file:///E:/MCP/%E5%A4%B1%E6%99%BA/brain-training/node_modules/@vitest/runner/dist/index.js:533:11\n    at runWithTimeout (file:///E:/MCP/%E5%A4%B1%E6%99%BA/brain-training/node_modules/@vitest/runner/dist/index.js:39:7)\n    at runTest (file:///E:/MCP/%E5%A4%B1%E6%99%BA/brain-training/node_modules/@vitest/runner/dist/index.js:1056:17)\n    at processTicksAndRejections (node:internal/process/task_queues:105:5)\n    at runSuite (file:///E:/MCP/%E5%A4%B1%E6%99%BA/brain-training/node_modules/@vitest/runner/dist/index.js:1205:15)\n    at runSuite (file:///E:/MCP/%E5%A4%B1%E6%99%BA/brain-training/node_modules/@vitest/runner/dist/index.js:1205:15)\n    at runSuite (file:///E:/MCP/%E5%A4%B1%E6%99%BA/brain-training/node_modules/@vitest/runner/dist/index.js:1205:15)\n    at runFiles (file:///E:/MCP/%E5%A4%B1%E6%99%BA/brain-training/node_modules/@vitest/runner/dist/index.js:1262:5)"],"meta":{}},{"ancestorTitles":["?曌??脤?頛?,"calculateScore"],"fullName":"?曌??脤?頛?calculateScore ?嗅銝剜?餈?雿?","status":"failed","title":"?嗅銝剜?餈?雿?","duration":0.8768000000018219,"failureMessages":["TypeError: __vite_ssr_import_1__.calculateScore is not a function\n    at E:\\MCP\\憭望\\brain-training\\src\\games\\logic\\__tests__\\whackAMole.test.ts:90:21\n    at file:///E:/MCP/%E5%A4%B1%E6%99%BA/brain-training/node_modules/@vitest/runner/dist/index.js:146:14\n    at file:///E:/MCP/%E5%A4%B1%E6%99%BA/brain-training/node_modules/@vitest/runner/dist/index.js:533:11\n    at runWithTimeout (file:///E:/MCP/%E5%A4%B1%E6%99%BA/brain-training/node_modules/@vitest/runner/dist/index.js:39:7)\n    at runTest (file:///E:/MCP/%E5%A4%B1%E6%99%BA/brain-training/node_modules/@vitest/runner/dist/index.js:1056:17)\n    at processTicksAndRejections (node:internal/process/task_queues:105:5)\n    at runSuite (file:///E:/MCP/%E5%A4%B1%E6%99%BA/brain-training/node_modules/@vitest/runner/dist/index.js:1205:15)\n    at runSuite (file:///E:/MCP/%E5%A4%B1%E6%99%BA/brain-training/node_modules/@vitest/runner/dist/index.js:1205:15)\n    at runSuite (file:///E:/MCP/%E5%A4%B1%E6%99%BA/brain-training/node_modules/@vitest/runner/dist/index.js:1205:15)\n    at runFiles (file:///E:/MCP/%E5%A4%B1%E6%99%BA/brain-training/node_modules/@vitest/runner/dist/index.js:1262:5)"],"meta":{}},{"ancestorTitles":["?曌??脤?頛?,"calculateGrade"],"fullName":"?曌??脤?頛?calculateGrade 90?誑銝??搴蝝?,"status":"passed","title":"90?誑銝??搴蝝?,"duration":1.7749999999978172,"failureMessages":[],"meta":{}},{"ancestorTitles":["?曌??脤?頛?,"calculateGrade"],"fullName":"?曌??脤?頛?calculateGrade 80-89???態蝝?,"status":"passed","title":"80-89???態蝝?,"duration":0.26630000000295695,"failureMessages":[],"meta":{}},{"ancestorTitles":["?曌??脤?頛?,"calculateGrade"],"fullName":"?曌??脤?頛?calculateGrade 60?誑銝??慣蝝?,"status":"passed","title":"60?誑銝??慣蝝?,"duration":0.22160000000076252,"failureMessages":[],"meta":{}},{"ancestorTitles":["?曌??脤?頛?,"summarizeResult"],"fullName":"?曌??脤?頛?summarizeResult ?迤蝣箏??湧??脩???,"status":"failed","title":"?迤蝣箏??湧??脩???,"duration":7.524700000001758,"failureMessages":["AssertionError: expected 100 to be 80 // Object.is equality\n    at E:\\MCP\\憭望\\brain-training\\src\\games\\logic\\__tests__\\whackAMole.test.ts:112:28\n    at file:///E:/MCP/%E5%A4%B1%E6%99%BA/brain-training/node_modules/@vitest/runner/dist/index.js:146:14\n    at file:///E:/MCP/%E5%A4%B1%E6%99%BA/brain-training/node_modules/@vitest/runner/dist/index.js:533:11\n    at runWithTimeout (file:///E:/MCP/%E5%A4%B1%E6%99%BA/brain-training/node_modules/@vitest/runner/dist/index.js:39:7)\n    at runTest (file:///E:/MCP/%E5%A4%B1%E6%99%BA/brain-training/node_modules/@vitest/runner/dist/index.js:1056:17)\n    at processTicksAndRejections (node:internal/process/task_queues:105:5)\n    at runSuite (file:///E:/MCP/%E5%A4%B1%E6%99%BA/brain-training/node_modules/@vitest/runner/dist/index.js:1205:15)\n    at runSuite (file:///E:/MCP/%E5%A4%B1%E6%99%BA/brain-training/node_modules/@vitest/runner/dist/index.js:1205:15)\n    at runSuite (file:///E:/MCP/%E5%A4%B1%E6%99%BA/brain-training/node_modules/@vitest/runner/dist/index.js:1205:15)\n    at runFiles (file:///E:/MCP/%E5%A4%B1%E6%99%BA/brain-training/node_modules/@vitest/runner/dist/index.js:1262:5)"],"meta":{}},{"ancestorTitles":["?曌??脤?頛?,"??漲?蔭"],"fullName":"?曌??脤?頛???漲?蔭 蝪∪??漲??頛?瘣?頛??","status":"failed","title":"蝪∪??漲??頛?瘣?頛??","duration":4.53979999999865,"failureMessages":["TypeError: actual value must be number or bigint, received \"undefined\"\n    at assertTypes (file:///E:/MCP/%E5%A4%B1%E6%99%BA/brain-training/node_modules/@vitest/utils/dist/helpers.js:20:11)\n    at Proxy.<anonymous> (file:///E:/MCP/%E5%A4%B1%E6%99%BA/brain-training/node_modules/@vitest/expect/dist/index.js:1271:5)\n    at Proxy.<anonymous> (file:///E:/MCP/%E5%A4%B1%E6%99%BA/brain-training/node_modules/@vitest/expect/dist/index.js:972:17)\n    at Proxy.methodWrapper (file:///E:/MCP/%E5%A4%B1%E6%99%BA/brain-training/node_modules/chai/index.js:1686:25)\n    at E:\\MCP\\憭望\\brain-training\\src\\games\\logic\\__tests__\\whackAMole.test.ts:123:30\n    at file:///E:/MCP/%E5%A4%B1%E6%99%BA/brain-training/node_modules/@vitest/runner/dist/index.js:146:14\n    at file:///E:/MCP/%E5%A4%B1%E6%99%BA/brain-training/node_modules/@vitest/runner/dist/index.js:533:11\n    at runWithTimeout (file:///E:/MCP/%E5%A4%B1%E6%99%BA/brain-training/node_modules/@vitest/runner/dist/index.js:39:7)\n    at runTest (file:///E:/MCP/%E5%A4%B1%E6%99%BA/brain-training/node_modules/@vitest/runner/dist/index.js:1056:17)\n    at processTicksAndRejections (node:internal/process/task_queues:105:5)"],"meta":{}},{"ancestorTitles":["?曌??脤?頛?,"??漲?蔭"],"fullName":"?曌??脤?頛???漲?蔭 ?圈??漲??頛?瘣?頛??","status":"failed","title":"?圈??漲??頛?瘣?頛??","duration":0.7739000000001397,"failureMessages":["TypeError: actual value must be number or bigint, received \"undefined\"\n    at assertTypes (file:///E:/MCP/%E5%A4%B1%E6%99%BA/brain-training/node_modules/@vitest/utils/dist/helpers.js:20:11)\n    at Proxy.<anonymous> (file:///E:/MCP/%E5%A4%B1%E6%99%BA/brain-training/node_modules/@vitest/expect/dist/index.js:1245:5)\n    at Proxy.<anonymous> (file:///E:/MCP/%E5%A4%B1%E6%99%BA/brain-training/node_modules/@vitest/expect/dist/index.js:972:17)\n    at Proxy.methodWrapper (file:///E:/MCP/%E5%A4%B1%E6%99%BA/brain-training/node_modules/chai/index.js:1686:25)\n    at E:\\MCP\\憭望\\brain-training\\src\\games\\logic\\__tests__\\whackAMole.test.ts:129:30\n    at file:///E:/MCP/%E5%A4%B1%E6%99%BA/brain-training/node_modules/@vitest/runner/dist/index.js:146:14\n    at file:///E:/MCP/%E5%A4%B1%E6%99%BA/brain-training/node_modules/@vitest/runner/dist/index.js:533:11\n    at runWithTimeout (file:///E:/MCP/%E5%A4%B1%E6%99%BA/brain-training/node_modules/@vitest/runner/dist/index.js:39:7)\n    at runTest (file:///E:/MCP/%E5%A4%B1%E6%99%BA/brain-training/node_modules/@vitest/runner/dist/index.js:1056:17)\n    at processTicksAndRejections (node:internal/process/task_queues:105:5)"],"meta":{}}],"startTime":1764818413142,"endTime":1764818413188.774,"status":"failed","message":"","name":"E:/MCP/憭望/brain-training/src/games/logic/__tests__/whackAMole.test.ts"},{"assertionResults":[{"ancestorTitles":["憭拙像蝘日???摩","generateRound"],"fullName":"憭拙像蝘日???摩 generateRound ???????","status":"failed","title":"???????","duration":29.572700000000623,"failureMessages":["AssertionError: expected undefined to be defined\n    at E:\\MCP\\憭望\\brain-training\\src\\games\\logic\\__tests__\\balanceScale.test.ts:19:30\n    at file:///E:/MCP/%E5%A4%B1%E6%99%BA/brain-training/node_modules/@vitest/runner/dist/index.js:146:14\n    at file:///E:/MCP/%E5%A4%B1%E6%99%BA/brain-training/node_modules/@vitest/runner/dist/index.js:533:11\n    at runWithTimeout (file:///E:/MCP/%E5%A4%B1%E6%99%BA/brain-training/node_modules/@vitest/runner/dist/index.js:39:7)\n    at runTest (file:///E:/MCP/%E5%A4%B1%E6%99%BA/brain-training/node_modules/@vitest/runner/dist/index.js:1056:17)\n    at processTicksAndRejections (node:internal/process/task_queues:105:5)\n    at runSuite (file:///E:/MCP/%E5%A4%B1%E6%99%BA/brain-training/node_modules/@vitest/runner/dist/index.js:1205:15)\n    at runSuite (file:///E:/MCP/%E5%A4%B1%E6%99%BA/brain-training/node_modules/@vitest/runner/dist/index.js:1205:15)\n    at runSuite (file:///E:/MCP/%E5%A4%B1%E6%99%BA/brain-training/node_modules/@vitest/runner/dist/index.js:1205:15)\n    at runFiles (file:///E:/MCP/%E5%A4%B1%E6%99%BA/brain-training/node_modules/@vitest/runner/dist/index.js:1262:5)"],"meta":{}},{"ancestorTitles":["憭拙像蝘日???摩","generateRound"],"fullName":"憭拙像蝘日???摩 generateRound 撌血?拙??府銝?","status":"failed","title":"撌血?拙??府銝?","duration":1.129399999997986,"failureMessages":["TypeError: Cannot read properties of undefined (reading 'id')\n    at E:\\MCP\\憭望\\brain-training\\src\\games\\logic\\__tests__\\balanceScale.test.ts:29:31\n    at file:///E:/MCP/%E5%A4%B1%E6%99%BA/brain-training/node_modules/@vitest/runner/dist/index.js:146:14\n    at file:///E:/MCP/%E5%A4%B1%E6%99%BA/brain-training/node_modules/@vitest/runner/dist/index.js:533:11\n    at runWithTimeout (file:///E:/MCP/%E5%A4%B1%E6%99%BA/brain-training/node_modules/@vitest/runner/dist/index.js:39:7)\n    at runTest (file:///E:/MCP/%E5%A4%B1%E6%99%BA/brain-training/node_modules/@vitest/runner/dist/index.js:1056:17)\n    at processTicksAndRejections (node:internal/process/task_queues:105:5)\n    at runSuite (file:///E:/MCP/%E5%A4%B1%E6%99%BA/brain-training/node_modules/@vitest/runner/dist/index.js:1205:15)\n    at runSuite (file:///E:/MCP/%E5%A4%B1%E6%99%BA/brain-training/node_modules/@vitest/runner/dist/index.js:1205:15)\n    at runSuite (file:///E:/MCP/%E5%A4%B1%E6%99%BA/brain-training/node_modules/@vitest/runner/dist/index.js:1205:15)\n    at runFiles (file:///E:/MCP/%E5%A4%B1%E6%99%BA/brain-training/node_modules/@vitest/runner/dist/index.js:1262:5)"],"meta":{}},{"ancestorTitles":["憭拙像蝘日???摩","generateRound"],"fullName":"憭拙像蝘日???摩 generateRound ??甇?Ⅱ蝑?","status":"failed","title":"??甇?Ⅱ蝑?","duration":6.732899999999063,"failureMessages":["AssertionError: expected [ 'left', 'right', 'equal' ] to include undefined\n    at Proxy.<anonymous> (file:///E:/MCP/%E5%A4%B1%E6%99%BA/brain-training/node_modules/@vitest/expect/dist/index.js:1196:17)\n    at Proxy.<anonymous> (file:///E:/MCP/%E5%A4%B1%E6%99%BA/brain-training/node_modules/@vitest/expect/dist/index.js:972:17)\n    at Proxy.methodWrapper (file:///E:/MCP/%E5%A4%B1%E6%99%BA/brain-training/node_modules/chai/index.js:1686:25)\n    at E:\\MCP\\憭望\\brain-training\\src\\games\\logic\\__tests__\\balanceScale.test.ts:35:42\n    at file:///E:/MCP/%E5%A4%B1%E6%99%BA/brain-training/node_modules/@vitest/runner/dist/index.js:146:14\n    at file:///E:/MCP/%E5%A4%B1%E6%99%BA/brain-training/node_modules/@vitest/runner/dist/index.js:533:11\n    at runWithTimeout (file:///E:/MCP/%E5%A4%B1%E6%99%BA/brain-training/node_modules/@vitest/runner/dist/index.js:39:7)\n    at runTest (file:///E:/MCP/%E5%A4%B1%E6%99%BA/brain-training/node_modules/@vitest/runner/dist/index.js:1056:17)\n    at processTicksAndRejections (node:internal/process/task_queues:105:5)\n    at runSuite (file:///E:/MCP/%E5%A4%B1%E6%99%BA/brain-training/node_modules/@vitest/runner/dist/index.js:1205:15)"],"meta":{}},{"ancestorTitles":["憭拙像蝘日???摩","selectSide"],"fullName":"憭拙像蝘日???摩 selectSide ?豢?甇?Ⅱ蝑????迤蝣箇???,"status":"failed","title":"?豢?甇?Ⅱ蝑????迤蝣箇???,"duration":1.128100000001723,"failureMessages":["TypeError: __vite_ssr_import_1__.selectSide is not a function\n    at E:\\MCP\\憭望\\brain-training\\src\\games\\logic\\__tests__\\balanceScale.test.ts:42:22\n    at file:///E:/MCP/%E5%A4%B1%E6%99%BA/brain-training/node_modules/@vitest/runner/dist/index.js:146:14\n    at file:///E:/MCP/%E5%A4%B1%E6%99%BA/brain-training/node_modules/@vitest/runner/dist/index.js:533:11\n    at runWithTimeout (file:///E:/MCP/%E5%A4%B1%E6%99%BA/brain-training/node_modules/@vitest/runner/dist/index.js:39:7)\n    at runTest (file:///E:/MCP/%E5%A4%B1%E6%99%BA/brain-training/node_modules/@vitest/runner/dist/index.js:1056:17)\n    at processTicksAndRejections (node:internal/process/task_queues:105:5)\n    at runSuite (file:///E:/MCP/%E5%A4%B1%E6%99%BA/brain-training/node_modules/@vitest/runner/dist/index.js:1205:15)\n    at runSuite (file:///E:/MCP/%E5%A4%B1%E6%99%BA/brain-training/node_modules/@vitest/runner/dist/index.js:1205:15)\n    at runSuite (file:///E:/MCP/%E5%A4%B1%E6%99%BA/brain-training/node_modules/@vitest/runner/dist/index.js:1205:15)\n    at runFiles (file:///E:/MCP/%E5%A4%B1%E6%99%BA/brain-training/node_modules/@vitest/runner/dist/index.js:1262:5)"],"meta":{}},{"ancestorTitles":["憭拙像蝘日???摩","selectSide"],"fullName":"憭拙像蝘日???摩 selectSide ?豢??航炊蝑????隤斤???,"status":"failed","title":"?豢??航炊蝑????隤斤???,"duration":1.5628000000033353,"failureMessages":["TypeError: __vite_ssr_import_1__.selectSide is not a function\n    at E:\\MCP\\憭望\\brain-training\\src\\games\\logic\\__tests__\\balanceScale.test.ts:50:22\n    at file:///E:/MCP/%E5%A4%B1%E6%99%BA/brain-training/node_modules/@vitest/runner/dist/index.js:146:14\n    at file:///E:/MCP/%E5%A4%B1%E6%99%BA/brain-training/node_modules/@vitest/runner/dist/index.js:533:11\n    at runWithTimeout (file:///E:/MCP/%E5%A4%B1%E6%99%BA/brain-training/node_modules/@vitest/runner/dist/index.js:39:7)\n    at runTest (file:///E:/MCP/%E5%A4%B1%E6%99%BA/brain-training/node_modules/@vitest/runner/dist/index.js:1056:17)\n    at processTicksAndRejections (node:internal/process/task_queues:105:5)\n    at runSuite (file:///E:/MCP/%E5%A4%B1%E6%99%BA/brain-training/node_modules/@vitest/runner/dist/index.js:1205:15)\n    at runSuite (file:///E:/MCP/%E5%A4%B1%E6%99%BA/brain-training/node_modules/@vitest/runner/dist/index.js:1205:15)\n    at runSuite (file:///E:/MCP/%E5%A4%B1%E6%99%BA/brain-training/node_modules/@vitest/runner/dist/index.js:1205:15)\n    at runFiles (file:///E:/MCP/%E5%A4%B1%E6%99%BA/brain-training/node_modules/@vitest/runner/dist/index.js:1262:5)"],"meta":{}},{"ancestorTitles":["憭拙像蝘日???摩","calculateScore"],"fullName":"憭拙像蝘日???摩 calculateScore ??迤蝣箇?閮??","status":"failed","title":"??迤蝣箇?閮??","duration":6.236499999999069,"failureMessages":["AssertionError: expected 40 to be 50 // Object.is equality\n    at E:\\MCP\\憭望\\brain-training\\src\\games\\logic\\__tests__\\balanceScale.test.ts:58:21\n    at file:///E:/MCP/%E5%A4%B1%E6%99%BA/brain-training/node_modules/@vitest/runner/dist/index.js:146:14\n    at file:///E:/MCP/%E5%A4%B1%E6%99%BA/brain-training/node_modules/@vitest/runner/dist/index.js:533:11\n    at runWithTimeout (file:///E:/MCP/%E5%A4%B1%E6%99%BA/brain-training/node_modules/@vitest/runner/dist/index.js:39:7)\n    at runTest (file:///E:/MCP/%E5%A4%B1%E6%99%BA/brain-training/node_modules/@vitest/runner/dist/index.js:1056:17)\n    at processTicksAndRejections (node:internal/process/task_queues:105:5)\n    at runSuite (file:///E:/MCP/%E5%A4%B1%E6%99%BA/brain-training/node_modules/@vitest/runner/dist/index.js:1205:15)\n    at runSuite (file:///E:/MCP/%E5%A4%B1%E6%99%BA/brain-training/node_modules/@vitest/runner/dist/index.js:1205:15)\n    at runSuite (file:///E:/MCP/%E5%A4%B1%E6%99%BA/brain-training/node_modules/@vitest/runner/dist/index.js:1205:15)\n    at runFiles (file:///E:/MCP/%E5%A4%B1%E6%99%BA/brain-training/node_modules/@vitest/runner/dist/index.js:1262:5)"],"meta":{}},{"ancestorTitles":["憭拙像蝘日???摩","calculateScore"],"fullName":"憭拙像蝘日???摩 calculateScore 摰?銵函??100??,"status":"failed","title":"摰?銵函??100??,"duration":1.6923999999999069,"failureMessages":["AssertionError: expected 80 to be 100 // Object.is equality\n    at E:\\MCP\\憭望\\brain-training\\src\\games\\logic\\__tests__\\balanceScale.test.ts:63:21\n    at file:///E:/MCP/%E5%A4%B1%E6%99%BA/brain-training/node_modules/@vitest/runner/dist/index.js:146:14\n    at file:///E:/MCP/%E5%A4%B1%E6%99%BA/brain-training/node_modules/@vitest/runner/dist/index.js:533:11\n    at runWithTimeout (file:///E:/MCP/%E5%A4%B1%E6%99%BA/brain-training/node_modules/@vitest/runner/dist/index.js:39:7)\n    at runTest (file:///E:/MCP/%E5%A4%B1%E6%99%BA/brain-training/node_modules/@vitest/runner/dist/index.js:1056:17)\n    at processTicksAndRejections (node:internal/process/task_queues:105:5)\n    at runSuite (file:///E:/MCP/%E5%A4%B1%E6%99%BA/brain-training/node_modules/@vitest/runner/dist/index.js:1205:15)\n    at runSuite (file:///E:/MCP/%E5%A4%B1%E6%99%BA/brain-training/node_modules/@vitest/runner/dist/index.js:1205:15)\n    at runSuite (file:///E:/MCP/%E5%A4%B1%E6%99%BA/brain-training/node_modules/@vitest/runner/dist/index.js:1205:15)\n    at runFiles (file:///E:/MCP/%E5%A4%B1%E6%99%BA/brain-training/node_modules/@vitest/runner/dist/index.js:1262:5)"],"meta":{}},{"ancestorTitles":["憭拙像蝘日???摩","calculateScore"],"fullName":"憭拙像蝘日???摩 calculateScore ?嗆迤蝣箸?敺???,"status":"passed","title":"?嗆迤蝣箸?敺???,"duration":0.721400000002177,"failureMessages":[],"meta":{}},{"ancestorTitles":["憭拙像蝘日???摩","calculateGrade"],"fullName":"憭拙像蝘日???摩 calculateGrade 100???搴蝝?,"status":"passed","title":"100???搴蝝?,"duration":0.5577999999986787,"failureMessages":[],"meta":{}},{"ancestorTitles":["憭拙像蝘日???摩","calculateGrade"],"fullName":"憭拙像蝘日???摩 calculateGrade 90???搴蝝?,"status":"passed","title":"90???搴蝝?,"duration":0.36309999999866704,"failureMessages":[],"meta":{}},{"ancestorTitles":["憭拙像蝘日???摩","calculateGrade"],"fullName":"憭拙像蝘日???摩 calculateGrade 50???慣蝝?,"status":"passed","title":"50???慣蝝?,"duration":0.29950000000098953,"failureMessages":[],"meta":{}},{"ancestorTitles":["憭拙像蝘日???摩","summarizeResult"],"fullName":"憭拙像蝘日???摩 summarizeResult ?迤蝣箏??湧??脩???,"status":"failed","title":"?迤蝣箏??湧??脩???,"duration":1.5569999999970605,"failureMessages":["AssertionError: expected 100 to be 80 // Object.is equality\n    at E:\\MCP\\憭望\\brain-training\\src\\games\\logic\\__tests__\\balanceScale.test.ts:89:28\n    at file:///E:/MCP/%E5%A4%B1%E6%99%BA/brain-training/node_modules/@vitest/runner/dist/index.js:146:14\n    at file:///E:/MCP/%E5%A4%B1%E6%99%BA/brain-training/node_modules/@vitest/runner/dist/index.js:533:11\n    at runWithTimeout (file:///E:/MCP/%E5%A4%B1%E6%99%BA/brain-training/node_modules/@vitest/runner/dist/index.js:39:7)\n    at runTest (file:///E:/MCP/%E5%A4%B1%E6%99%BA/brain-training/node_modules/@vitest/runner/dist/index.js:1056:17)\n    at processTicksAndRejections (node:internal/process/task_queues:105:5)\n    at runSuite (file:///E:/MCP/%E5%A4%B1%E6%99%BA/brain-training/node_modules/@vitest/runner/dist/index.js:1205:15)\n    at runSuite (file:///E:/MCP/%E5%A4%B1%E6%99%BA/brain-training/node_modules/@vitest/runner/dist/index.js:1205:15)\n    at runSuite (file:///E:/MCP/%E5%A4%B1%E6%99%BA/brain-training/node_modules/@vitest/runner/dist/index.js:1205:15)\n    at runFiles (file:///E:/MCP/%E5%A4%B1%E6%99%BA/brain-training/node_modules/@vitest/runner/dist/index.js:1262:5)"],"meta":{}},{"ancestorTitles":["憭拙像蝘日???摩","WEIGHT_ITEMS"],"fullName":"憭拙像蝘日???摩 WEIGHT_ITEMS ??憭車?拙??舐","status":"passed","title":"??憭車?拙??舐","duration":0.686600000000908,"failureMessages":[],"meta":{}},{"ancestorTitles":["憭拙像蝘日???摩","WEIGHT_ITEMS"],"fullName":"憭拙像蝘日???摩 WEIGHT_ITEMS 瘥????????","status":"failed","title":"瘥????????","duration":1.9644999999982247,"failureMessages":["AssertionError: expected undefined to be defined\n    at E:\\MCP\\憭望\\brain-training\\src\\games\\logic\\__tests__\\balanceScale.test.ts:104:27\n    at Array.forEach (<anonymous>)\n    at E:\\MCP\\憭望\\brain-training\\src\\games\\logic\\__tests__\\balanceScale.test.ts:102:20\n    at file:///E:/MCP/%E5%A4%B1%E6%99%BA/brain-training/node_modules/@vitest/runner/dist/index.js:146:14\n    at file:///E:/MCP/%E5%A4%B1%E6%99%BA/brain-training/node_modules/@vitest/runner/dist/index.js:533:11\n    at runWithTimeout (file:///E:/MCP/%E5%A4%B1%E6%99%BA/brain-training/node_modules/@vitest/runner/dist/index.js:39:7)\n    at runTest (file:///E:/MCP/%E5%A4%B1%E6%99%BA/brain-training/node_modules/@vitest/runner/dist/index.js:1056:17)\n    at processTicksAndRejections (node:internal/process/task_queues:105:5)\n    at runSuite (file:///E:/MCP/%E5%A4%B1%E6%99%BA/brain-training/node_modules/@vitest/runner/dist/index.js:1205:15)\n    at runSuite (file:///E:/MCP/%E5%A4%B1%E6%99%BA/brain-training/node_modules/@vitest/runner/dist/index.js:1205:15)"],"meta":{}},{"ancestorTitles":["憭拙像蝘日???摩","WEIGHT_ITEMS"],"fullName":"憭拙像蝘日???摩 WEIGHT_ITEMS ?拙? ID ?銝","status":"failed","title":"?拙? ID ?銝","duration":1.3646000000007916,"failureMessages":["AssertionError: expected 1 to be 13 // Object.is equality\n    at E:\\MCP\\憭望\\brain-training\\src\\games\\logic\\__tests__\\balanceScale.test.ts:112:30\n    at file:///E:/MCP/%E5%A4%B1%E6%99%BA/brain-training/node_modules/@vitest/runner/dist/index.js:146:14\n    at file:///E:/MCP/%E5%A4%B1%E6%99%BA/brain-training/node_modules/@vitest/runner/dist/index.js:533:11\n    at runWithTimeout (file:///E:/MCP/%E5%A4%B1%E6%99%BA/brain-training/node_modules/@vitest/runner/dist/index.js:39:7)\n    at runTest (file:///E:/MCP/%E5%A4%B1%E6%99%BA/brain-training/node_modules/@vitest/runner/dist/index.js:1056:17)\n    at processTicksAndRejections (node:internal/process/task_queues:105:5)\n    at runSuite (file:///E:/MCP/%E5%A4%B1%E6%99%BA/brain-training/node_modules/@vitest/runner/dist/index.js:1205:15)\n    at runSuite (file:///E:/MCP/%E5%A4%B1%E6%99%BA/brain-training/node_modules/@vitest/runner/dist/index.js:1205:15)\n    at runSuite (file:///E:/MCP/%E5%A4%B1%E6%99%BA/brain-training/node_modules/@vitest/runner/dist/index.js:1205:15)\n    at runFiles (file:///E:/MCP/%E5%A4%B1%E6%99%BA/brain-training/node_modules/@vitest/runner/dist/index.js:1262:5)"],"meta":{}},{"ancestorTitles":["憭拙像蝘日???摩","??漲?蔭"],"fullName":"憭拙像蝘日???摩 ??漲?蔭 蝪∪??漲??頛???","status":"failed","title":"蝪∪??漲??頛???","duration":2.511900000001333,"failureMessages":["TypeError: actual value must be number or bigint, received \"undefined\"\n    at assertTypes (file:///E:/MCP/%E5%A4%B1%E6%99%BA/brain-training/node_modules/@vitest/utils/dist/helpers.js:20:11)\n    at Proxy.<anonymous> (file:///E:/MCP/%E5%A4%B1%E6%99%BA/brain-training/node_modules/@vitest/expect/dist/index.js:1271:5)\n    at Proxy.<anonymous> (file:///E:/MCP/%E5%A4%B1%E6%99%BA/brain-training/node_modules/@vitest/expect/dist/index.js:972:17)\n    at Proxy.methodWrapper (file:///E:/MCP/%E5%A4%B1%E6%99%BA/brain-training/node_modules/chai/index.js:1686:25)\n    at E:\\MCP\\憭望\\brain-training\\src\\games\\logic\\__tests__\\balanceScale.test.ts:118:51\n    at file:///E:/MCP/%E5%A4%B1%E6%99%BA/brain-training/node_modules/@vitest/runner/dist/index.js:146:14\n    at file:///E:/MCP/%E5%A4%B1%E6%99%BA/brain-training/node_modules/@vitest/runner/dist/index.js:533:11\n    at runWithTimeout (file:///E:/MCP/%E5%A4%B1%E6%99%BA/brain-training/node_modules/@vitest/runner/dist/index.js:39:7)\n    at runTest (file:///E:/MCP/%E5%A4%B1%E6%99%BA/brain-training/node_modules/@vitest/runner/dist/index.js:1056:17)\n    at processTicksAndRejections (node:internal/process/task_queues:105:5)"],"meta":{}},{"ancestorTitles":["憭拙像蝘日???摩","??漲?蔭"],"fullName":"憭拙像蝘日???摩 ??漲?蔭 ?圈??漲?蝙?冽憭????,"status":"failed","title":"?圈??漲?蝙?冽憭????,"duration":1.1071000000010827,"failureMessages":["TypeError: actual value must be number or bigint, received \"undefined\"\n    at assertTypes (file:///E:/MCP/%E5%A4%B1%E6%99%BA/brain-training/node_modules/@vitest/utils/dist/helpers.js:20:11)\n    at Proxy.<anonymous> (file:///E:/MCP/%E5%A4%B1%E6%99%BA/brain-training/node_modules/@vitest/expect/dist/index.js:1245:5)\n    at Proxy.<anonymous> (file:///E:/MCP/%E5%A4%B1%E6%99%BA/brain-training/node_modules/@vitest/expect/dist/index.js:972:17)\n    at Proxy.methodWrapper (file:///E:/MCP/%E5%A4%B1%E6%99%BA/brain-training/node_modules/chai/index.js:1686:25)\n    at E:\\MCP\\憭望\\brain-training\\src\\games\\logic\\__tests__\\balanceScale.test.ts:124:52\n    at file:///E:/MCP/%E5%A4%B1%E6%99%BA/brain-training/node_modules/@vitest/runner/dist/index.js:146:14\n    at file:///E:/MCP/%E5%A4%B1%E6%99%BA/brain-training/node_modules/@vitest/runner/dist/index.js:533:11\n    at runWithTimeout (file:///E:/MCP/%E5%A4%B1%E6%99%BA/brain-training/node_modules/@vitest/runner/dist/index.js:39:7)\n    at runTest (file:///E:/MCP/%E5%A4%B1%E6%99%BA/brain-training/node_modules/@vitest/runner/dist/index.js:1056:17)\n    at processTicksAndRejections (node:internal/process/task_queues:105:5)"],"meta":{}}],"startTime":1764818413145,"endTime":1764818413206.1072,"status":"failed","message":"","name":"E:/MCP/憭望/brain-training/src/games/logic/__tests__/balanceScale.test.ts"},{"assertionResults":[{"ancestorTitles":["餈瑕悅撠??摩","generateMaze"],"fullName":"餈瑕悅撠??摩 generateMaze ???摰之撠?餈瑕悅","status":"failed","title":"???摰之撠?餈瑕悅","duration":9.354999999999563,"failureMessages":["TypeError: Cannot read properties of undefined (reading 'length')\n    at E:\\MCP\\憭望\\brain-training\\src\\games\\logic\\__tests__\\mazeNavigation.test.ts:21:25\n    at file:///E:/MCP/%E5%A4%B1%E6%99%BA/brain-training/node_modules/@vitest/runner/dist/index.js:146:14\n    at file:///E:/MCP/%E5%A4%B1%E6%99%BA/brain-training/node_modules/@vitest/runner/dist/index.js:533:11\n    at runWithTimeout (file:///E:/MCP/%E5%A4%B1%E6%99%BA/brain-training/node_modules/@vitest/runner/dist/index.js:39:7)\n    at runTest (file:///E:/MCP/%E5%A4%B1%E6%99%BA/brain-training/node_modules/@vitest/runner/dist/index.js:1056:17)\n    at processTicksAndRejections (node:internal/process/task_queues:105:5)\n    at runSuite (file:///E:/MCP/%E5%A4%B1%E6%99%BA/brain-training/node_modules/@vitest/runner/dist/index.js:1205:15)\n    at runSuite (file:///E:/MCP/%E5%A4%B1%E6%99%BA/brain-training/node_modules/@vitest/runner/dist/index.js:1205:15)\n    at runSuite (file:///E:/MCP/%E5%A4%B1%E6%99%BA/brain-training/node_modules/@vitest/runner/dist/index.js:1205:15)\n    at runFiles (file:///E:/MCP/%E5%A4%B1%E6%99%BA/brain-training/node_modules/@vitest/runner/dist/index.js:1262:5)"],"meta":{}},{"ancestorTitles":["餈瑕悅撠??摩","generateMaze"],"fullName":"餈瑕悅撠??摩 generateMaze ?????絲暺?蝵?,"status":"failed","title":"?????絲暺?蝵?,"duration":4.905199999997421,"failureMessages":["TypeError: actual value must be number or bigint, received \"undefined\"\n    at assertTypes (file:///E:/MCP/%E5%A4%B1%E6%99%BA/brain-training/node_modules/@vitest/utils/dist/helpers.js:20:11)\n    at Proxy.<anonymous> (file:///E:/MCP/%E5%A4%B1%E6%99%BA/brain-training/node_modules/@vitest/expect/dist/index.js:1245:5)\n    at Proxy.<anonymous> (file:///E:/MCP/%E5%A4%B1%E6%99%BA/brain-training/node_modules/@vitest/expect/dist/index.js:972:17)\n    at Proxy.methodWrapper (file:///E:/MCP/%E5%A4%B1%E6%99%BA/brain-training/node_modules/chai/index.js:1686:25)\n    at E:\\MCP\\憭望\\brain-training\\src\\games\\logic\\__tests__\\mazeNavigation.test.ts:28:38\n    at file:///E:/MCP/%E5%A4%B1%E6%99%BA/brain-training/node_modules/@vitest/runner/dist/index.js:146:14\n    at file:///E:/MCP/%E5%A4%B1%E6%99%BA/brain-training/node_modules/@vitest/runner/dist/index.js:533:11\n    at runWithTimeout (file:///E:/MCP/%E5%A4%B1%E6%99%BA/brain-training/node_modules/@vitest/runner/dist/index.js:39:7)\n    at runTest (file:///E:/MCP/%E5%A4%B1%E6%99%BA/brain-training/node_modules/@vitest/runner/dist/index.js:1056:17)\n    at processTicksAndRejections (node:internal/process/task_queues:105:5)"],"meta":{}},{"ancestorTitles":["餈瑕悅撠??摩","generateMaze"],"fullName":"餈瑕悅撠??摩 generateMaze ??????暺?蝵?,"status":"failed","title":"??????暺?蝵?,"duration":1.0479000000013912,"failureMessages":["TypeError: Cannot read properties of undefined (reading 'x')\n    at E:\\MCP\\憭望\\brain-training\\src\\games\\logic\\__tests__\\mazeNavigation.test.ts:36:33\n    at file:///E:/MCP/%E5%A4%B1%E6%99%BA/brain-training/node_modules/@vitest/runner/dist/index.js:146:14\n    at file:///E:/MCP/%E5%A4%B1%E6%99%BA/brain-training/node_modules/@vitest/runner/dist/index.js:533:11\n    at runWithTimeout (file:///E:/MCP/%E5%A4%B1%E6%99%BA/brain-training/node_modules/@vitest/runner/dist/index.js:39:7)\n    at runTest (file:///E:/MCP/%E5%A4%B1%E6%99%BA/brain-training/node_modules/@vitest/runner/dist/index.js:1056:17)\n    at processTicksAndRejections (node:internal/process/task_queues:105:5)\n    at runSuite (file:///E:/MCP/%E5%A4%B1%E6%99%BA/brain-training/node_modules/@vitest/runner/dist/index.js:1205:15)\n    at runSuite (file:///E:/MCP/%E5%A4%B1%E6%99%BA/brain-training/node_modules/@vitest/runner/dist/index.js:1205:15)\n    at runSuite (file:///E:/MCP/%E5%A4%B1%E6%99%BA/brain-training/node_modules/@vitest/runner/dist/index.js:1205:15)\n    at runFiles (file:///E:/MCP/%E5%A4%B1%E6%99%BA/brain-training/node_modules/@vitest/runner/dist/index.js:1262:5)"],"meta":{}},{"ancestorTitles":["餈瑕悅撠??摩","generateMaze"],"fullName":"餈瑕悅撠??摩 generateMaze 韏琿???暺?銝?","status":"failed","title":"韏琿???暺?銝?","duration":1.2476000000024214,"failureMessages":["TypeError: Cannot read properties of undefined (reading 'x')\n    at E:\\MCP\\憭望\\brain-training\\src\\games\\logic\\__tests__\\mazeNavigation.test.ts:44:55\n    at file:///E:/MCP/%E5%A4%B1%E6%99%BA/brain-training/node_modules/@vitest/runner/dist/index.js:146:14\n    at file:///E:/MCP/%E5%A4%B1%E6%99%BA/brain-training/node_modules/@vitest/runner/dist/index.js:533:11\n    at runWithTimeout (file:///E:/MCP/%E5%A4%B1%E6%99%BA/brain-training/node_modules/@vitest/runner/dist/index.js:39:7)\n    at runTest (file:///E:/MCP/%E5%A4%B1%E6%99%BA/brain-training/node_modules/@vitest/runner/dist/index.js:1056:17)\n    at processTicksAndRejections (node:internal/process/task_queues:105:5)\n    at runSuite (file:///E:/MCP/%E5%A4%B1%E6%99%BA/brain-training/node_modules/@vitest/runner/dist/index.js:1205:15)\n    at runSuite (file:///E:/MCP/%E5%A4%B1%E6%99%BA/brain-training/node_modules/@vitest/runner/dist/index.js:1205:15)\n    at runSuite (file:///E:/MCP/%E5%A4%B1%E6%99%BA/brain-training/node_modules/@vitest/runner/dist/index.js:1205:15)\n    at runFiles (file:///E:/MCP/%E5%A4%B1%E6%99%BA/brain-training/node_modules/@vitest/runner/dist/index.js:1262:5)"],"meta":{}},{"ancestorTitles":["餈瑕悅撠??摩","canMove"],"fullName":"餈瑕悅撠??摩 canMove ?蝘餃??啗楝敺摮?,"status":"passed","title":"?蝘餃??啗楝敺摮?,"duration":1.5623000000014144,"failureMessages":[],"meta":{}},{"ancestorTitles":["餈瑕悅撠??摩","canMove"],"fullName":"餈瑕悅撠??摩 canMove 銝??賜宏???","status":"failed","title":"銝??賜宏???","duration":0.9020999999993364,"failureMessages":["TypeError: Cannot read properties of undefined (reading 'length')\n    at E:\\MCP\\憭望\\brain-training\\src\\games\\logic\\__tests__\\mazeNavigation.test.ts:65:38\n    at file:///E:/MCP/%E5%A4%B1%E6%99%BA/brain-training/node_modules/@vitest/runner/dist/index.js:146:14\n    at file:///E:/MCP/%E5%A4%B1%E6%99%BA/brain-training/node_modules/@vitest/runner/dist/index.js:533:11\n    at runWithTimeout (file:///E:/MCP/%E5%A4%B1%E6%99%BA/brain-training/node_modules/@vitest/runner/dist/index.js:39:7)\n    at runTest (file:///E:/MCP/%E5%A4%B1%E6%99%BA/brain-training/node_modules/@vitest/runner/dist/index.js:1056:17)\n    at processTicksAndRejections (node:internal/process/task_queues:105:5)\n    at runSuite (file:///E:/MCP/%E5%A4%B1%E6%99%BA/brain-training/node_modules/@vitest/runner/dist/index.js:1205:15)\n    at runSuite (file:///E:/MCP/%E5%A4%B1%E6%99%BA/brain-training/node_modules/@vitest/runner/dist/index.js:1205:15)\n    at runSuite (file:///E:/MCP/%E5%A4%B1%E6%99%BA/brain-training/node_modules/@vitest/runner/dist/index.js:1205:15)\n    at runFiles (file:///E:/MCP/%E5%A4%B1%E6%99%BA/brain-training/node_modules/@vitest/runner/dist/index.js:1262:5)"],"meta":{}},{"ancestorTitles":["餈瑕悅撠??摩","move"],"fullName":"餈瑕悅撠??摩 move 蝘餃?敺??湔?拙振雿蔭","status":"failed","title":"蝘餃?敺??湔?拙振雿蔭","duration":8.583299999998417,"failureMessages":["AssertionError: expected false to be true // Object.is equality\n    at E:\\MCP\\憭望\\brain-training\\src\\games\\logic\\__tests__\\mazeNavigation.test.ts:90:13\n    at file:///E:/MCP/%E5%A4%B1%E6%99%BA/brain-training/node_modules/@vitest/runner/dist/index.js:146:14\n    at file:///E:/MCP/%E5%A4%B1%E6%99%BA/brain-training/node_modules/@vitest/runner/dist/index.js:533:11\n    at runWithTimeout (file:///E:/MCP/%E5%A4%B1%E6%99%BA/brain-training/node_modules/@vitest/runner/dist/index.js:39:7)\n    at runTest (file:///E:/MCP/%E5%A4%B1%E6%99%BA/brain-training/node_modules/@vitest/runner/dist/index.js:1056:17)\n    at processTicksAndRejections (node:internal/process/task_queues:105:5)\n    at runSuite (file:///E:/MCP/%E5%A4%B1%E6%99%BA/brain-training/node_modules/@vitest/runner/dist/index.js:1205:15)\n    at runSuite (file:///E:/MCP/%E5%A4%B1%E6%99%BA/brain-training/node_modules/@vitest/runner/dist/index.js:1205:15)\n    at runSuite (file:///E:/MCP/%E5%A4%B1%E6%99%BA/brain-training/node_modules/@vitest/runner/dist/index.js:1205:15)\n    at runFiles (file:///E:/MCP/%E5%A4%B1%E6%99%BA/brain-training/node_modules/@vitest/runner/dist/index.js:1262:5)"],"meta":{}},{"ancestorTitles":["餈瑕悅撠??摩","move"],"fullName":"餈瑕悅撠??摩 move 蝘餃?敺?憓?甇交","status":"failed","title":"蝘餃?敺?憓?甇交","duration":1.722300000001269,"failureMessages":["AssertionError: expected undefined to be NaN // Object.is equality\n    at E:\\MCP\\憭望\\brain-training\\src\\games\\logic\\__tests__\\mazeNavigation.test.ts:103:34\n    at file:///E:/MCP/%E5%A4%B1%E6%99%BA/brain-training/node_modules/@vitest/runner/dist/index.js:146:14\n    at file:///E:/MCP/%E5%A4%B1%E6%99%BA/brain-training/node_modules/@vitest/runner/dist/index.js:533:11\n    at runWithTimeout (file:///E:/MCP/%E5%A4%B1%E6%99%BA/brain-training/node_modules/@vitest/runner/dist/index.js:39:7)\n    at runTest (file:///E:/MCP/%E5%A4%B1%E6%99%BA/brain-training/node_modules/@vitest/runner/dist/index.js:1056:17)\n    at processTicksAndRejections (node:internal/process/task_queues:105:5)\n    at runSuite (file:///E:/MCP/%E5%A4%B1%E6%99%BA/brain-training/node_modules/@vitest/runner/dist/index.js:1205:15)\n    at runSuite (file:///E:/MCP/%E5%A4%B1%E6%99%BA/brain-training/node_modules/@vitest/runner/dist/index.js:1205:15)\n    at runSuite (file:///E:/MCP/%E5%A4%B1%E6%99%BA/brain-training/node_modules/@vitest/runner/dist/index.js:1205:15)\n    at runFiles (file:///E:/MCP/%E5%A4%B1%E6%99%BA/brain-training/node_modules/@vitest/runner/dist/index.js:1262:5)"],"meta":{}},{"ancestorTitles":["餈瑕悅撠??摩","isAtExit"],"fullName":"餈瑕悅撠??摩 isAtExit ?拙振?函?暺?????true","status":"failed","title":"?拙振?函?暺?????true","duration":1.2551999999996042,"failureMessages":["TypeError: __vite_ssr_import_1__.isAtExit is not a function\n    at E:\\MCP\\憭望\\brain-training\\src\\games\\logic\\__tests__\\mazeNavigation.test.ts:116:14\n    at file:///E:/MCP/%E5%A4%B1%E6%99%BA/brain-training/node_modules/@vitest/runner/dist/index.js:146:14\n    at file:///E:/MCP/%E5%A4%B1%E6%99%BA/brain-training/node_modules/@vitest/runner/dist/index.js:533:11\n    at runWithTimeout (file:///E:/MCP/%E5%A4%B1%E6%99%BA/brain-training/node_modules/@vitest/runner/dist/index.js:39:7)\n    at runTest (file:///E:/MCP/%E5%A4%B1%E6%99%BA/brain-training/node_modules/@vitest/runner/dist/index.js:1056:17)\n    at processTicksAndRejections (node:internal/process/task_queues:105:5)\n    at runSuite (file:///E:/MCP/%E5%A4%B1%E6%99%BA/brain-training/node_modules/@vitest/runner/dist/index.js:1205:15)\n    at runSuite (file:///E:/MCP/%E5%A4%B1%E6%99%BA/brain-training/node_modules/@vitest/runner/dist/index.js:1205:15)\n    at runSuite (file:///E:/MCP/%E5%A4%B1%E6%99%BA/brain-training/node_modules/@vitest/runner/dist/index.js:1205:15)\n    at runFiles (file:///E:/MCP/%E5%A4%B1%E6%99%BA/brain-training/node_modules/@vitest/runner/dist/index.js:1262:5)"],"meta":{}},{"ancestorTitles":["餈瑕悅撠??摩","isAtExit"],"fullName":"餈瑕悅撠??摩 isAtExit ?拙振銝蝯???餈? false","status":"failed","title":"?拙振銝蝯???餈? false","duration":1.0133000000023458,"failureMessages":["TypeError: __vite_ssr_import_1__.isAtExit is not a function\n    at E:\\MCP\\憭望\\brain-training\\src\\games\\logic\\__tests__\\mazeNavigation.test.ts:122:14\n    at file:///E:/MCP/%E5%A4%B1%E6%99%BA/brain-training/node_modules/@vitest/runner/dist/index.js:146:14\n    at file:///E:/MCP/%E5%A4%B1%E6%99%BA/brain-training/node_modules/@vitest/runner/dist/index.js:533:11\n    at runWithTimeout (file:///E:/MCP/%E5%A4%B1%E6%99%BA/brain-training/node_modules/@vitest/runner/dist/index.js:39:7)\n    at runTest (file:///E:/MCP/%E5%A4%B1%E6%99%BA/brain-training/node_modules/@vitest/runner/dist/index.js:1056:17)\n    at processTicksAndRejections (node:internal/process/task_queues:105:5)\n    at runSuite (file:///E:/MCP/%E5%A4%B1%E6%99%BA/brain-training/node_modules/@vitest/runner/dist/index.js:1205:15)\n    at runSuite (file:///E:/MCP/%E5%A4%B1%E6%99%BA/brain-training/node_modules/@vitest/runner/dist/index.js:1205:15)\n    at runSuite (file:///E:/MCP/%E5%A4%B1%E6%99%BA/brain-training/node_modules/@vitest/runner/dist/index.js:1205:15)\n    at runFiles (file:///E:/MCP/%E5%A4%B1%E6%99%BA/brain-training/node_modules/@vitest/runner/dist/index.js:1262:5)"],"meta":{}},{"ancestorTitles":["餈瑕悅撠??摩","calculateScore"],"fullName":"餈瑕悅撠??摩 calculateScore 摰?銝郊?詨???擃?","status":"passed","title":"摰?銝郊?詨???擃?","duration":0.5465000000003783,"failureMessages":[],"meta":{}},{"ancestorTitles":["餈瑕悅撠??摩","calculateScore"],"fullName":"餈瑕悅撠??摩 calculateScore ?芸???敺???,"status":"failed","title":"?芸???敺???,"duration":1.1045999999987544,"failureMessages":["AssertionError: expected 95 to be less than 50\n    at E:\\MCP\\憭望\\brain-training\\src\\games\\logic\\__tests__\\mazeNavigation.test.ts:134:21\n    at file:///E:/MCP/%E5%A4%B1%E6%99%BA/brain-training/node_modules/@vitest/runner/dist/index.js:146:14\n    at file:///E:/MCP/%E5%A4%B1%E6%99%BA/brain-training/node_modules/@vitest/runner/dist/index.js:533:11\n    at runWithTimeout (file:///E:/MCP/%E5%A4%B1%E6%99%BA/brain-training/node_modules/@vitest/runner/dist/index.js:39:7)\n    at runTest (file:///E:/MCP/%E5%A4%B1%E6%99%BA/brain-training/node_modules/@vitest/runner/dist/index.js:1056:17)\n    at processTicksAndRejections (node:internal/process/task_queues:105:5)\n    at runSuite (file:///E:/MCP/%E5%A4%B1%E6%99%BA/brain-training/node_modules/@vitest/runner/dist/index.js:1205:15)\n    at runSuite (file:///E:/MCP/%E5%A4%B1%E6%99%BA/brain-training/node_modules/@vitest/runner/dist/index.js:1205:15)\n    at runSuite (file:///E:/MCP/%E5%A4%B1%E6%99%BA/brain-training/node_modules/@vitest/runner/dist/index.js:1205:15)\n    at runFiles (file:///E:/MCP/%E5%A4%B1%E6%99%BA/brain-training/node_modules/@vitest/runner/dist/index.js:1262:5)"],"meta":{}},{"ancestorTitles":["餈瑕悅撠??摩","calculateScore"],"fullName":"餈瑕悅撠??摩 calculateScore 甇交????雿???,"status":"failed","title":"甇交????雿???,"duration":2.199399999997695,"failureMessages":["AssertionError: expected 97 to be greater than 99\n    at E:\\MCP\\憭望\\brain-training\\src\\games\\logic\\__tests__\\mazeNavigation.test.ts:140:25\n    at file:///E:/MCP/%E5%A4%B1%E6%99%BA/brain-training/node_modules/@vitest/runner/dist/index.js:146:14\n    at file:///E:/MCP/%E5%A4%B1%E6%99%BA/brain-training/node_modules/@vitest/runner/dist/index.js:533:11\n    at runWithTimeout (file:///E:/MCP/%E5%A4%B1%E6%99%BA/brain-training/node_modules/@vitest/runner/dist/index.js:39:7)\n    at runTest (file:///E:/MCP/%E5%A4%B1%E6%99%BA/brain-training/node_modules/@vitest/runner/dist/index.js:1056:17)\n    at processTicksAndRejections (node:internal/process/task_queues:105:5)\n    at runSuite (file:///E:/MCP/%E5%A4%B1%E6%99%BA/brain-training/node_modules/@vitest/runner/dist/index.js:1205:15)\n    at runSuite (file:///E:/MCP/%E5%A4%B1%E6%99%BA/brain-training/node_modules/@vitest/runner/dist/index.js:1205:15)\n    at runSuite (file:///E:/MCP/%E5%A4%B1%E6%99%BA/brain-training/node_modules/@vitest/runner/dist/index.js:1205:15)\n    at runFiles (file:///E:/MCP/%E5%A4%B1%E6%99%BA/brain-training/node_modules/@vitest/runner/dist/index.js:1262:5)"],"meta":{}},{"ancestorTitles":["餈瑕悅撠??摩","calculateGrade"],"fullName":"餈瑕悅撠??摩 calculateGrade 擃??敺末蝑?","status":"passed","title":"擃??敺末蝑?","duration":0.6848000000027241,"failureMessages":[],"meta":{}},{"ancestorTitles":["餈瑕悅撠??摩","calculateGrade"],"fullName":"餈瑕悅撠??摩 calculateGrade 雿??敺?撌桃?蝝?,"status":"passed","title":"雿??敺?撌桃?蝝?,"duration":0.3029000000024098,"failureMessages":[],"meta":{}},{"ancestorTitles":["餈瑕悅撠??摩","??漲?蔭"],"fullName":"餈瑕悅撠??摩 ??漲?蔭 蝪∪??漲??頛?餈瑕悅","status":"passed","title":"蝪∪??漲??頛?餈瑕悅","duration":0.3600000000005821,"failureMessages":[],"meta":{}},{"ancestorTitles":["餈瑕悅撠??摩","??漲?蔭"],"fullName":"餈瑕悅撠??摩 ??漲?蔭 ?圈??漲??頛之餈瑕悅","status":"passed","title":"?圈??漲??頛之餈瑕悅","duration":0.31420000000071013,"failureMessages":[],"meta":{}}],"startTime":1764818413098,"endTime":1764818413139.3142,"status":"failed","message":"","name":"E:/MCP/憭望/brain-training/src/games/logic/__tests__/mazeNavigation.test.ts"},{"assertionResults":[{"ancestorTitles":["?曆????脤?頛?,"generateRound"],"fullName":"?曆????脤?頛?generateRound ???????","status":"failed","title":"???????","duration":16.835299999998824,"failureMessages":["AssertionError: expected undefined to be defined\n    at E:\\MCP\\憭望\\brain-training\\src\\games\\logic\\__tests__\\spotDifference.test.ts:20:30\n    at file:///E:/MCP/%E5%A4%B1%E6%99%BA/brain-training/node_modules/@vitest/runner/dist/index.js:146:14\n    at file:///E:/MCP/%E5%A4%B1%E6%99%BA/brain-training/node_modules/@vitest/runner/dist/index.js:533:11\n    at runWithTimeout (file:///E:/MCP/%E5%A4%B1%E6%99%BA/brain-training/node_modules/@vitest/runner/dist/index.js:39:7)\n    at runTest (file:///E:/MCP/%E5%A4%B1%E6%99%BA/brain-training/node_modules/@vitest/runner/dist/index.js:1056:17)\n    at processTicksAndRejections (node:internal/process/task_queues:105:5)\n    at runSuite (file:///E:/MCP/%E5%A4%B1%E6%99%BA/brain-training/node_modules/@vitest/runner/dist/index.js:1205:15)\n    at runSuite (file:///E:/MCP/%E5%A4%B1%E6%99%BA/brain-training/node_modules/@vitest/runner/dist/index.js:1205:15)\n    at runSuite (file:///E:/MCP/%E5%A4%B1%E6%99%BA/brain-training/node_modules/@vitest/runner/dist/index.js:1205:15)\n    at runFiles (file:///E:/MCP/%E5%A4%B1%E6%99%BA/brain-training/node_modules/@vitest/runner/dist/index.js:1262:5)"],"meta":{}},{"ancestorTitles":["?曆????脤?頛?,"generateRound"],"fullName":"?曆????脤?頛?generateRound ???摰??銝?暺?,"status":"failed","title":"???摰??銝?暺?,"duration":1.21650000000227,"failureMessages":["TypeError: Cannot read properties of undefined (reading 'length')\n    at E:\\MCP\\憭望\\brain-training\\src\\games\\logic\\__tests__\\spotDifference.test.ts:28:40\n    at file:///E:/MCP/%E5%A4%B1%E6%99%BA/brain-training/node_modules/@vitest/runner/dist/index.js:146:14\n    at file:///E:/MCP/%E5%A4%B1%E6%99%BA/brain-training/node_modules/@vitest/runner/dist/index.js:533:11\n    at runWithTimeout (file:///E:/MCP/%E5%A4%B1%E6%99%BA/brain-training/node_modules/@vitest/runner/dist/index.js:39:7)\n    at runTest (file:///E:/MCP/%E5%A4%B1%E6%99%BA/brain-training/node_modules/@vitest/runner/dist/index.js:1056:17)\n    at processTicksAndRejections (node:internal/process/task_queues:105:5)\n    at runSuite (file:///E:/MCP/%E5%A4%B1%E6%99%BA/brain-training/node_modules/@vitest/runner/dist/index.js:1205:15)\n    at runSuite (file:///E:/MCP/%E5%A4%B1%E6%99%BA/brain-training/node_modules/@vitest/runner/dist/index.js:1205:15)\n    at runSuite (file:///E:/MCP/%E5%A4%B1%E6%99%BA/brain-training/node_modules/@vitest/runner/dist/index.js:1205:15)\n    at runFiles (file:///E:/MCP/%E5%A4%B1%E6%99%BA/brain-training/node_modules/@vitest/runner/dist/index.js:1262:5)"],"meta":{}},{"ancestorTitles":["?曆????脤?頛?,"generateRound"],"fullName":"?曆????脤?頛?generateRound 撌血蝬脫憭批?????,"status":"failed","title":"撌血蝬脫憭批?????,"duration":0.8312000000005355,"failureMessages":["TypeError: Cannot read properties of undefined (reading 'length')\n    at E:\\MCP\\憭望\\brain-training\\src\\games\\logic\\__tests__\\spotDifference.test.ts:34:29\n    at file:///E:/MCP/%E5%A4%B1%E6%99%BA/brain-training/node_modules/@vitest/runner/dist/index.js:146:14\n    at file:///E:/MCP/%E5%A4%B1%E6%99%BA/brain-training/node_modules/@vitest/runner/dist/index.js:533:11\n    at runWithTimeout (file:///E:/MCP/%E5%A4%B1%E6%99%BA/brain-training/node_modules/@vitest/runner/dist/index.js:39:7)\n    at runTest (file:///E:/MCP/%E5%A4%B1%E6%99%BA/brain-training/node_modules/@vitest/runner/dist/index.js:1056:17)\n    at processTicksAndRejections (node:internal/process/task_queues:105:5)\n    at runSuite (file:///E:/MCP/%E5%A4%B1%E6%99%BA/brain-training/node_modules/@vitest/runner/dist/index.js:1205:15)\n    at runSuite (file:///E:/MCP/%E5%A4%B1%E6%99%BA/brain-training/node_modules/@vitest/runner/dist/index.js:1205:15)\n    at runSuite (file:///E:/MCP/%E5%A4%B1%E6%99%BA/brain-training/node_modules/@vitest/runner/dist/index.js:1205:15)\n    at runFiles (file:///E:/MCP/%E5%A4%B1%E6%99%BA/brain-training/node_modules/@vitest/runner/dist/index.js:1262:5)"],"meta":{}},{"ancestorTitles":["?曆????脤?頛?,"generateRound"],"fullName":"?曆????脤?頛?generateRound 撌血蝬脫??撌桃","status
[...]
??摩 calculateScore ?芸???敺?雿?","status":"passed","title":"?芸???敺?雿?","duration":0.2146000000029744,"failureMessages":[],"meta":{}},{"ancestorTitles":["?詨???????摩","calculateScore"],"fullName":"?詨???????摩 calculateScore ?航炊頞??頞?","status":"passed","title":"?航炊頞??頞?","duration":0.1595000000015716,"failureMessages":[],"meta":{}},{"ancestorTitles":["?詨???????摩","calculateGrade"],"fullName":"?詨???????摩 calculateGrade ????貉???蝝?,"status":"passed","title":"????貉???蝝?,"duration":0.2628999999978987,"failureMessages":[],"meta":{}},{"ancestorTitles":["?詨???????摩","summarizeResult"],"fullName":"?詨???????摩 summarizeResult ?迤蝣箏??湧??脩???,"status":"passed","title":"?迤蝣箏??湧??脩???,"duration":0.4290000000000873,"failureMessages":[],"meta":{}},{"ancestorTitles":["?詨???????摩","CHINESE_NUMBERS"],"fullName":"?詨???????摩 CHINESE_NUMBERS ??頞喳??葉?摮?,"status":"passed","title":"??頞喳??葉?摮?,"duration":0.2904000000016822,"failureMessages":[],"meta":{}},{"ancestorTitles":["?詨???????摩","??漲?蔭"],"fullName":"?詨???????摩 ??漲?蔭 蝪∪??漲??頛??詨?","status":"passed","title":"蝪∪??漲??頛??詨?","duration":0.314699999998993,"failureMessages":[],"meta":{}},{"ancestorTitles":["?詨???????摩","??漲?蔭"],"fullName":"?詨???????摩 ??漲?蔭 ?圈??漲??頛之?怠?","status":"passed","title":"?圈??漲??頛之?怠?","duration":0.24529999999867869,"failureMessages":[],"meta":{}},{"ancestorTitles":["?詨???????摩","??漲?蔭"],"fullName":"?詨???????摩 ??漲?蔭 ?圈??漲?航雿輻瘛瑕??澆?","status":"passed","title":"?圈??漲?航雿輻瘛瑕??澆?","duration":0.22629999999844586,"failureMessages":[],"meta":{}}],"startTime":1764818413017,"endTime":1764818413040.2263,"status":"passed","message":"","name":"E:/MCP/憭望/brain-training/src/games/logic/__tests__/numberConnect.test.ts"},{"assertionResults":[{"ancestorTitles":["???函???摩","createBaseElement"],"fullName":"???函???摩 createBaseElement ???????","status":"passed","title":"???????","duration":4.525400000002264,"failureMessages":[],"meta":{}},{"ancestorTitles":["???函???摩","generateRotationQuestion"],"fullName":"???函???摩 generateRotationQuestion ???????憿","status":"passed","title":"???????憿","duration":1.6257000000005064,"failureMessages":[],"meta":{}},{"ancestorTitles":["???函???摩","generateRotationQuestion"],"fullName":"???函???摩 generateRotationQuestion 甇?Ⅱ蝑???賊?銝?,"status":"passed","title":"甇?Ⅱ蝑???賊?銝?,"duration":0.5059000000001106,"failureMessages":[],"meta":{}},{"ancestorTitles":["???函???摩","generateSequenceQuestion"],"fullName":"???函???摩 generateSequenceQuestion ?????摨?憿","status":"passed","title":"?????摨?憿","duration":0.6640000000006694,"failureMessages":[],"meta":{}},{"ancestorTitles":["???函???摩","generateTransformQuestion"],"fullName":"???函???摩 generateTransformQuestion ?????霈?憿","status":"passed","title":"?????霈?憿","duration":0.5409999999974389,"failureMessages":[],"meta":{}},{"ancestorTitles":["???函???摩","generateAnalogyQuestion"],"fullName":"???函???摩 generateAnalogyQuestion ?????憿?憿","status":"passed","title":"?????憿?憿","duration":0.5722999999998137,"failureMessages":[],"meta":{}},{"ancestorTitles":["???函???摩","generateProgressionQuestion"],"fullName":"???函???摩 generateProgressionQuestion ??????脤???,"status":"passed","title":"??????脤???,"duration":0.5763999999981024,"failureMessages":[],"meta":{}},{"ancestorTitles":["???函???摩","generateQuestion"],"fullName":"???函???摩 generateQuestion ?????迤蝣箇?憿","status":"passed","title":"?????迤蝣箇?憿","duration":0.9458000000013271,"failureMessages":[],"meta":{}},{"ancestorTitles":["???函???摩","generateQuestions"],"fullName":"???函???摩 generateQuestions ???摰??憿","status":"passed","title":"???摰??憿","duration":0.9377999999996973,"failureMessages":[],"meta":{}},{"ancestorTitles":["???函???摩","generateQuestions"],"fullName":"???函???摩 generateQuestions 憿憿???摨阡?蝵?,"status":"passed","title":"憿憿???摨阡?蝵?,"duration":1.7188000000023749,"failureMessages":[],"meta":{}},{"ancestorTitles":["???函???摩","checkAnswer"],"fullName":"???函???摩 checkAnswer ?豢?甇?Ⅱ蝑?????true","status":"passed","title":"?豢?甇?Ⅱ蝑?????true","duration":0.24720000000161235,"failureMessages":[],"meta":{}},{"ancestorTitles":["???函???摩","checkAnswer"],"fullName":"???函???摩 checkAnswer ?豢??航炊蝑?????false","status":"passed","title":"?豢??航炊蝑?????false","duration":0.16789999999673455,"failureMessages":[],"meta":{}},{"ancestorTitles":["???函???摩","calculateScore"],"fullName":"???函???摩 calculateScore ??迤蝣箇?閮??","status":"passed","title":"??迤蝣箇?閮??","duration":0.3444999999992433,"failureMessages":[],"meta":{}},{"ancestorTitles":["???函???摩","calculateScore"],"fullName":"???函???摩 calculateScore 摰?銵函??擃?","status":"passed","title":"摰?銵函??擃?","duration":0.1735000000007858,"failureMessages":[],"meta":{}},{"ancestorTitles":["???函???摩","calculateScore"],"fullName":"???函???摩 calculateScore 頛翰摰??????","status":"passed","title":"頛翰摰??????","duration":0.1643000000003667,"failureMessages":[],"meta":{}},{"ancestorTitles":["???函???摩","calculateGrade"],"fullName":"???函???摩 calculateGrade ????貉???蝝?,"status":"passed","title":"????貉???蝝?,"duration":0.26410000000032596,"failureMessages":[],"meta":{}},{"ancestorTitles":["???函???摩","calculateTypeAccuracy"],"fullName":"???函???摩 calculateTypeAccuracy ??蝞?憿???蝣箇?","status":"passed","title":"??蝞?憿???蝣箇?","duration":0.35930000000007567,"failureMessages":[],"meta":{}},{"ancestorTitles":["???函???摩","calculateTypeAccuracy"],"fullName":"???函???摩 calculateTypeAccuracy 瘝?閰脤????格?餈? 0","status":"passed","title":"瘝?閰脤????格?餈? 0","duration":0.1889999999984866,"failureMessages":[],"meta":{}},{"ancestorTitles":["???函???摩","summarizeResult"],"fullName":"???函???摩 summarizeResult ?迤蝣箏??渡???,"status":"passed","title":"?迤蝣箏??渡???,"duration":0.639100000000326,"failureMessages":[],"meta":{}},{"ancestorTitles":["???函???摩","撣豢摰儔"],"fullName":"???函???摩 撣豢摰儔 ??頞喳??耦?","status":"passed","title":"??頞喳??耦?","duration":0.31710000000020955,"failureMessages":[],"meta":{}},{"ancestorTitles":["???函???摩","撣豢摰儔"],"fullName":"???函???摩 撣豢摰儔 ??頞喳?????,"status":"passed","title":"??頞喳?????,"duration":1.3176999999996042,"failureMessages":[],"meta":{}},{"ancestorTitles":["???函???摩","撣豢摰儔"],"fullName":"???函???摩 撣豢摰儔 ??銝車撠箏站","status":"passed","title":"??銝車撠箏站","duration":0.17500000000291038,"failureMessages":[],"meta":{}},{"ancestorTitles":["???函???摩","??漲?蔭"],"fullName":"???函???摩 ??漲?蔭 蝪∪??漲??頛??賊?","status":"passed","title":"蝪∪??漲??頛??賊?","duration":0.15010000000256696,"failureMessages":[],"meta":{}},{"ancestorTitles":["???函???摩","??漲?蔭"],"fullName":"???函???摩 ??漲?蔭 ?圈??漲???游?憿憿?","status":"passed","title":"?圈??漲???游?憿憿?","duration":0.17220000000088476,"failureMessages":[],"meta":{}},{"ancestorTitles":["???函???摩","??漲?蔭"],"fullName":"???函???摩 ??漲?蔭 ?圈??漲???游?憿","status":"passed","title":"?圈??漲???游?憿","duration":0.23260000000300352,"failureMessages":[],"meta":{}}],"startTime":1764818412958,"endTime":1764818412979.2327,"status":"passed","message":"","name":"E:/MCP/憭望/brain-training/src/games/logic/__tests__/patternReasoning.test.ts"},{"assertionResults":[{"ancestorTitles":["?脤閮??摩","getSoundPool"],"fullName":"?脤閮??摩 getSoundPool ????摰???脤","status":"passed","title":"????摰???脤","duration":3.1893999999992957,"failureMessages":[],"meta":{}},{"ancestorTitles":["?脤閮??摩","getSoundPool"],"fullName":"?脤閮??摩 getSoundPool 銝?頞??舐?脤?賊?","status":"passed","title":"銝?頞??舐?脤?賊?","duration":0.5855000000010477,"failureMessages":[],"meta":{}},{"ancestorTitles":["?脤閮??摩","generateSequence"],"fullName":"?脤閮??摩 generateSequence ???摰摨衣?摨?","status":"passed","title":"???摰摨衣?摨?","duration":0.49910000000090804,"failureMessages":[],"meta":{}},{"ancestorTitles":["?脤閮??摩","generateSequence"],"fullName":"?脤閮??摩 generateSequence 摨???瘙葉???,"status":"passed","title":"摨???瘙葉???,"duration":4.390699999999924,"failureMessages":[],"meta":{}},{"ancestorTitles":["?脤閮??摩","createGameState"],"fullName":"?脤閮??摩 createGameState ?遣蝡迤蝣箇??????,"status":"passed","title":"?遣蝡迤蝣箇??????,"duration":1.7776000000012573,"failureMessages":[],"meta":{}},{"ancestorTitles":["?脤閮??摩","addUserInput"],"fullName":"?脤閮??摩 addUserInput ?迤蝣箸溶?蝙?刻撓??,"status":"passed","title":"?迤蝣箸溶?蝙?刻撓??,"duration":0.6039000000018859,"failureMessages":[],"meta":{}},{"ancestorTitles":["?脤閮??摩","isInputComplete"],"fullName":"?脤閮??摩 isInputComplete 頛詨?瑕漲蝑摨??瑕漲??餈? true","status":"passed","title":"頛詨?瑕漲蝑摨??瑕漲??餈? true","duration":0.4717999999993481,"failureMessages":[],"meta":{}},{"ancestorTitles":["?脤閮??摩","isInputComplete"],"fullName":"?脤閮??摩 isInputComplete 頛詨?芸???????false","status":"passed","title":"頛詨?芸???????false","duration":0.3639000000002852,"failureMessages":[],"meta":{}},{"ancestorTitles":["?脤閮??摩","validateAnswer"],"fullName":"?脤閮??摩 validateAnswer 甇?Ⅱ蝑?????true","status":"passed","title":"甇?Ⅱ蝑?????true","duration":0.7955000000001746,"failureMessages":[],"meta":{}},{"ancestorTitles":["?脤閮??摩","validateAnswer"],"fullName":"?脤閮??摩 validateAnswer ?航炊蝑?????false","status":"passed","title":"?航炊蝑?????false","duration":0.5848000000005413,"failureMessages":[],"meta":{}},{"ancestorTitles":["?脤閮??摩","getNextLength"],"fullName":"?脤閮??摩 getNextLength ???甇?Ⅱ???摨?,"status":"passed","title":"???甇?Ⅱ???摨?,"duration":0.35390000000188593,"failureMessages":[],"meta":{}},{"ancestorTitles":["?脤閮??摩","getNextLength"],"fullName":"?脤閮??摩 getNextLength ?航炊??撠摨?,"status":"passed","title":"?航炊??撠摨?,"duration":0.32630000000062864,"failureMessages":[],"meta":{}},{"ancestorTitles":["?脤閮??摩","getNextLength"],"fullName":"?脤閮??摩 getNextLength 銝?頞??憭折摨?,"status":"passed","title":"銝?頞??憭折摨?,"duration":0.2246999999988475,"failureMessages":[],"meta":{}},{"ancestorTitles":["?脤閮??摩","getNextLength"],"fullName":"?脤閮??摩 getNextLength 銝?雿韏瑕??瑕漲","status":"passed","title":"銝?雿韏瑕??瑕漲","duration":0.19239999999990687,"failureMessages":[],"meta":{}},{"ancestorTitles":["?脤閮??摩","createNextRound"],"fullName":"?脤閮??摩 createNextRound ?遣蝡?????,"status":"passed","title":"?遣蝡?????,"duration":0.3600000000005821,"failureMessages":[],"meta":{}},{"ancestorTitles":["?脤閮??摩","getCurrentPlayingSound"],"fullName":"?脤閮??摩 getCurrentPlayingSound 甇??剜??餈??嗅??脤","status":"passed","title":"甇??剜??餈??嗅??脤","duration":0.28399999999965075,"failureMessages":[],"meta":{}},{"ancestorTitles":["?脤閮??摩","getCurrentPlayingSound"],"fullName":"?脤閮??摩 getCurrentPlayingSound ?芣?暹?????null","status":"passed","title":"?芣?暹?????null","duration":0.2260999999998603,"failureMessages":[],"meta":{}},{"ancestorTitles":["?脤閮??摩","calculateRoundScore"],"fullName":"?脤閮??摩 calculateRoundScore 甇?Ⅱ????,"status":"passed","title":"甇?Ⅱ????,"duration":0.35870000000068103,"failureMessages":[],"meta":{}},{"ancestorTitles":["?脤閮??摩","calculateRoundScore"],"fullName":"?脤閮??摩 calculateRoundScore ?航炊?? 0 ??,"status":"passed","title":"?航炊?? 0 ??,"duration":0.18059999999968568,"failureMessages":[],"meta":{}},{"ancestorTitles":["?脤閮??摩","calculateRoundScore"],"fullName":"?脤閮??摩 calculateRoundScore ?湧????敺擃?","status":"passed","title":"?湧????敺擃?","duration":0.17670000000362052,"failureMessages":[],"meta":{}},{"ancestorTitles":["?脤閮??摩","calculateRoundScore"],"fullName":"?脤閮??摩 calculateRoundScore ???甇?Ⅱ???","status":"passed","title":"???甇?Ⅱ???","duration":0.15820000000167056,"failureMessages":[],"meta":{}},{"ancestorTitles":["?脤閮??摩","calculateGrade"],"fullName":"?脤閮??摩 calculateGrade ???蝣箇?閮?蝑?","status":"passed","title":"???蝣箇?閮?蝑?","duration":0.3028999999987718,"failureMessages":[],"meta":{}},{"ancestorTitles":["?脤閮??摩","summarizeResult"],"fullName":"?脤閮??摩 summarizeResult ?迤蝣箏??渡???,"status":"passed","title":"?迤蝣箏??渡???,"duration":0.3268000000025495,"failureMessages":[],"meta":{}},{"ancestorTitles":["?脤閮??摩","SOUND_LIBRARY"],"fullName":"?脤閮??摩 SOUND_LIBRARY ??憭車?脤?舐","status":"passed","title":"??憭車?脤?舐","duration":0.21960000000035507,"failureMessages":[],"meta":{}},{"ancestorTitles":["?脤閮??摩","SOUND_LIBRARY"],"fullName":"?脤閮??摩 SOUND_LIBRARY 瘥?單????惇??,"status":"passed","title":"瘥?單????惇??,"duration":4.139800000000832,"failureMessages":[],"meta":{}},{"ancestorTitles":["?脤閮??摩","SOUND_LIBRARY"],"fullName":"?脤閮??摩 SOUND_LIBRARY ?脤 ID ?銝","status":"passed","title":"?脤 ID ?銝","duration":0.2875000000021828,"failureMessages":[],"meta":{}},{"ancestorTitles":["?脤閮??摩","SOUND_LIBRARY"],"fullName":"?脤閮??摩 SOUND_LIBRARY ??憭車??","status":"passed","title":"??憭車??","duration":0.23769999999785796,"failureMessages":[],"meta":{}},{"ancestorTitles":["?脤閮??摩","??漲?蔭"],"fullName":"?脤閮??摩 ??漲?蔭 蝪∪??漲??頛摨?","status":"passed","title":"蝪∪??漲??頛摨?","duration":0.21570000000065193,"failureMessages":[],"meta":{}},{"ancestorTitles":["?脤閮??摩","??漲?蔭"],"fullName":"?脤閮??摩 ??漲?蔭 ?圈??漲??頛??","status":"passed","title":"?圈??漲??頛??","duration":0.19950000000244472,"failureMessages":[],"meta":{}},{"ancestorTitles":["?脤閮??摩","??漲?蔭"],"fullName":"?脤閮??摩 ??漲?蔭 ?圈??漲?蝙?冽憭??,"status":"passed","title":"?圈??漲?蝙?冽憭??,"duration":0.19369999999980791,"failureMessages":[],"meta":{}}],"startTime":1764818412872,"endTime":1764818412898.1995,"status":"passed","message":"","name":"E:/MCP/憭望/brain-training/src/games/logic/__tests__/audioMemory.test.ts"},{"assertionResults":[{"ancestorTitles":["蝭?芋隞輸??脤?頛?,"getPatternsByDifficulty"],"fullName":"蝭?芋隞輸??脤?頛?getPatternsByDifficulty 蝪∪??漲??蝪∪璅∪?","status":"passed","title":"蝪∪??漲??蝪∪璅∪?","duration":3.068299999998999,"failureMessages":[],"meta":{}},{"ancestorTitles":["蝭?芋隞輸??脤?頛?,"getPatternsByDifficulty"],"fullName":"蝭?芋隞輸??脤?頛?getPatternsByDifficulty 銝剔???漲???怎陛?桀?銝剔?璅∪?","status":"passed","title":"銝剔???漲???怎陛?桀?銝剔?璅∪?","duration":3.628000000000611,"failureMessages":[],"meta":{}},{"ancestorTitles":["蝭?芋隞輸??脤?頛?,"getPatternsByDifficulty"],"fullName":"蝭?芋隞輸??脤?頛?getPatternsByDifficulty ?圈??漲???急??芋撘?,"status":"passed","title":"?圈??漲???急??芋撘?,"duration":0.4022000000004482,"failureMessages":[],"meta":{}},{"ancestorTitles":["蝭?芋隞輸??脤?頛?,"selectRandomPattern"],"fullName":"蝭?芋隞輸??脤?頛?selectRandomPattern ??蝯血??芋撘葉?豢?","status":"passed","title":"??蝯血??芋撘葉?豢?","duration":1.22530000000188,"failureMessages":[],"meta":{}},{"ancestorTitles":["蝭?芋隞輸??脤?頛?,"generateRoundPatterns"],"fullName":"蝭?芋隞輸??脤?頛?generateRoundPatterns ???摰??璅∪?","status":"passed","title":"???摰??璅∪?","duration":0.29100000000107684,"failureMessages":[],"meta":{}},{"ancestorTitles":["蝭?芋隞輸??脤?頛?,"generateRoundPatterns"],"fullName":"蝭?芋隞輸??脤?頛?generateRoundPatterns 璅∪??泵?摨?,"status":"passed","title":"璅∪??泵?摨?,"duration":0.43509999999878346,"failureMessages":[],"meta":{}},{"ancestorTitles":["蝭?芋隞輸??脤?頛?,"evaluateTap"],"fullName":"蝭?芋隞輸??脤?頛?evaluateTap 摰???????perfect","status":"passed","title":"摰???????perfect","duration":0.2684000000008382,"failureMessages":[],"meta":{}},{"ancestorTitles":["蝭?芋隞輸??脤?頛?,"evaluateTap"],"fullName":"蝭?芋隞輸??脤?頛?evaluateTap ?亥???????good","status":"passed","title":"?亥???????good","duration":0.2327000000004773,"failureMessages":[],"meta":{}},{"ancestorTitles":["蝭?芋隞輸??脤?頛?,"evaluateTap"],"fullName":"蝭?芋隞輸??脤?頛?evaluateTap ?撥?????ok","status":"passed","title":"?撥?????ok","duration":0.4125999999996566,"failureMessages":[],"meta":{}},{"ancestorTitles":["蝭?芋隞輸??脤?頛?,"evaluateTap"],"fullName":"蝭?芋隞輸??脤?頛?evaluateTap ?舫???????miss","status":"passed","title":"?舫???????miss","duration":0.38409999999930733,"failureMessages":[],"meta":{}},{"ancestorTitles":["蝭?芋隞輸??脤?頛?,"evaluateTap"],"fullName":"蝭?芋隞輸??脤?頛?evaluateTap ?迤蝣箄?蝞炊撌?,"status":"passed","title":"?迤蝣箄?蝞炊撌?,"duration":0.3503999999993539,"failureMessages":[],"meta":{}},{"ancestorTitles":["蝭?芋隞輸??脤?頛?,"evaluateRound"],"fullName":"蝭?芋隞輸??脤?頛?evaluateRound ??隡唳?????,"status":"passed","title":"??隡唳?????,"duration":0.780800000000454,"failureMessages":[],"meta":{}},{"ancestorTitles":["蝭?芋隞輸??脤?頛?,"evaluateRound"],"fullName":"蝭?芋隞輸??脤?頛?evaluateRound 摰?瞍???擃?","status":"passed","title":"摰?瞍???擃?","duration":0.5735999999997148,"failureMessages":[],"meta":{}},{"ancestorTitles":["蝭?芋隞輸??脤?頛?,"getPatternDuration"],"fullName":"蝭?芋隞輸??脤?頛?getPatternDuration ??蝞迤蝣箇?????","status":"passed","title":"??蝞迤蝣箇?????","duration":0.301499999997759,"failureMessages":[],"meta":{}},{"ancestorTitles":["蝭?芋隞輸??脤?頛?,"getPatternDuration"],"fullName":"蝭?芋隞輸??脤?頛?getPatternDuration 蝛箸芋撘?餈? 0","status":"passed","title":"蝛箸芋撘?餈? 0","duration":0.23540000000139116,"failureMessages":[],"meta":{}},{"ancestorTitles":["蝭?芋隞輸??脤?頛?,"calculateScore"],"fullName":"蝭?芋隞輸??脤?頛?calculateScore ??蝞??像????,"status":"passed","title":"??蝞??像????,"duration":0.3247000000010303,"failureMessages":[],"meta":{}},{"ancestorTitles":["蝭?芋隞輸??脤?頛?,"calculateScore"],"fullName":"蝭?芋隞輸??脤?頛?calculateScore 蝛箇???餈? 0","status":"passed","title":"蝛箇???餈? 0","duration":0.22330000000147265,"failureMessages":[],"meta":{}},{"ancestorTitles":["蝭?芋隞輸??脤?頛?,"calculateGrade"],"fullName":"蝭?芋隞輸??脤?頛?calculateGrade ????貉???蝝?,"status":"passed","title":"????貉???蝝?,"duration":0.3694999999970605,"failureMessages":[],"meta":{}},{"ancestorTitles":["蝭?芋隞輸??脤?頛?,"countRatings"],"fullName":"蝭?芋隞輸??脤?頛?countRatings ?迤蝣箇絞閮?閰?蝑?","status":"passed","title":"?迤蝣箇絞閮?閰?蝑?","duration":0.32369999999718857,"failureMessages":[],"meta":{}},{"ancestorTitles":["蝭?芋隞輸??脤?頛?,"summarizeResult"],"fullName":"蝭?芋隞輸??脤?頛?summarizeResult ?迤蝣箏??渡???,"status":"passed","title":"?迤蝣箏??渡???,"duration":0.3989000000001397,"failureMessages":[],"meta":{}},{"ancestorTitles":["蝭?芋隞輸??脤?頛?,"RHYTHM_PATTERNS"],"fullName":"蝭?芋隞輸??脤?頛?RHYTHM_PATTERNS ??憭車蝭憟芋撘?,"status":"passed","title":"??憭車蝭憟芋撘?,"duration":0.20130000000062864,"failureMessages":[],"meta":{}},{"ancestorTitles":["蝭?芋隞輸??脤?頛?,"RHYTHM_PATTERNS"],"fullName":"蝭?芋隞輸??脤?頛?RHYTHM_PATTERNS ???摨衣?璅∪?","status":"passed","title":"???摨衣?璅∪?","duration":0.21919999999954598,"failureMessages":[],"meta":{}},{"ancestorTitles":["蝭?芋隞輸??脤?頛?,"RHYTHM_PATTERNS"],"fullName":"蝭?芋隞輸??脤?頛?RHYTHM_PATTERNS 瘥芋撘?????蝭??,"status":"passed","title":"瘥芋撘?????蝭??,"duration":3.720000000001164,"failureMessages":[],"meta":{}},{"ancestorTitles":["蝭?芋隞輸??脤?頛?,"RHYTHM_PATTERNS"],"fullName":"蝭?芋隞輸??脤?頛?RHYTHM_PATTERNS 璅∪? ID ?銝","status":"passed","title":"璅∪? ID ?銝","duration":0.29240000000208966,"failureMessages":[],"meta":{}},{"ancestorTitles":["蝭?芋隞輸??脤?頛?,"??漲?蔭"],"fullName":"蝭?芋隞輸??脤?頛???漲?蔭 蝪∪??漲???游??剜甈⊥","status":"passed","title":"蝪∪??漲???游??剜甈⊥","duration":0.42989999999917927,"failureMessages":[],"meta":{}},{"ancestorTitles":["蝭?芋隞輸??脤?頛?,"??漲?蔭"],"fullName":"蝭?芋隞輸??脤?頛???漲?蔭 ?圈??漲??頛?摰寡迂隤文榆","status":"passed","title":"?圈??漲??頛?摰寡迂隤文榆","duration":0.3422000000027765,"failureMessages":[],"meta":{}},{"ancestorTitles":["蝭?芋隞輸??脤?頛?,"??漲?蔭"],"fullName":"蝭?芋隞輸??脤?頛???漲?蔭 ?圈??漲???游???","status":"passed","title":"?圈??漲???游???","duration":0.26640000000043074,"failureMessages":[],"meta":{}}],"startTime":1764818412958,"endTime":1764818412980.3423,"status":"passed","message":"","name":"E:/MCP/憭望/brain-training/src/games/logic/__tests__/rhythmMimic.test.ts"}]}
